{"/home/travis/build/npmtest/node-npmtest-node-static/test.js":{"path":"/home/travis/build/npmtest/node-npmtest-node-static/test.js","s":{"1":2,"2":2,"3":2,"4":2,"5":2,"6":2,"7":2,"8":1,"9":2,"10":2,"11":1,"12":1,"13":1,"14":1,"15":2,"16":2,"17":2,"18":2,"19":1,"20":1,"21":2,"22":2,"23":2,"24":1,"25":1,"26":1,"27":1,"28":1,"29":1,"30":1,"31":1,"32":1,"33":1,"34":1,"35":1,"36":1,"37":2,"38":2,"39":1,"40":2,"41":2,"42":1,"43":2,"44":2,"45":1,"46":2,"47":2,"48":1,"49":1,"50":1,"51":1,"52":1},"b":{"1":[2,1,1,1],"2":[1,1,1,1],"3":[1,1],"4":[1,1],"5":[1,1],"6":[1,1],"7":[1,1],"8":[1,1],"9":[1,1,1],"10":[1,1],"11":[1,1],"12":[1,1],"13":[1,1],"14":[1,1],"15":[1,1],"16":[1,1]},"f":{"1":2,"2":2,"3":2,"4":2,"5":2,"6":1,"7":1,"8":2,"9":2,"10":2,"11":2,"12":1},"fnMap":{"1":{"name":"(anonymous_1)","line":12,"loc":{"start":{"line":12,"column":1},"end":{"line":12,"column":13}}},"2":{"name":"(anonymous_2)","line":19,"loc":{"start":{"line":19,"column":5},"end":{"line":19,"column":17}}},"3":{"name":"(anonymous_3)","line":23,"loc":{"start":{"line":23,"column":24},"end":{"line":23,"column":36}}},"4":{"name":"(anonymous_4)","line":61,"loc":{"start":{"line":61,"column":5},"end":{"line":61,"column":17}}},"5":{"name":"(anonymous_5)","line":82,"loc":{"start":{"line":82,"column":5},"end":{"line":82,"column":17}}},"6":{"name":"(anonymous_6)","line":102,"loc":{"start":{"line":102,"column":83},"end":{"line":105,"column":10}},"skip":true},"7":{"name":"(anonymous_7)","line":113,"loc":{"start":{"line":113,"column":77},"end":{"line":116,"column":10}},"skip":true},"8":{"name":"(anonymous_8)","line":129,"loc":{"start":{"line":129,"column":12},"end":{"line":129,"column":40}},"skip":true},"9":{"name":"(anonymous_9)","line":137,"loc":{"start":{"line":137,"column":77},"end":{"line":140,"column":10}},"skip":true},"10":{"name":"(anonymous_10)","line":148,"loc":{"start":{"line":148,"column":83},"end":{"line":151,"column":10}},"skip":true},"11":{"name":"(anonymous_11)","line":159,"loc":{"start":{"line":159,"column":79},"end":{"line":162,"column":10}},"skip":true},"12":{"name":"(anonymous_12)","line":170,"loc":{"start":{"line":170,"column":75},"end":{"line":173,"column":10}},"skip":true}},"statementMap":{"1":{"start":{"line":12,"column":0},"end":{"line":185,"column":5}},"2":{"start":{"line":14,"column":4},"end":{"line":14,"column":14}},"3":{"start":{"line":19,"column":4},"end":{"line":56,"column":9}},"4":{"start":{"line":21,"column":8},"end":{"line":21,"column":19}},"5":{"start":{"line":23,"column":8},"end":{"line":35,"column":13}},"6":{"start":{"line":24,"column":12},"end":{"line":34,"column":13}},"7":{"start":{"line":25,"column":16},"end":{"line":28,"column":30}},"8":{"start":{"line":30,"column":16},"end":{"line":33,"column":27}},"9":{"start":{"line":37,"column":8},"end":{"line":39,"column":21}},"10":{"start":{"line":40,"column":8},"end":{"line":53,"column":9}},"11":{"start":{"line":43,"column":12},"end":{"line":46,"column":14}},"12":{"start":{"line":47,"column":12},"end":{"line":47,"column":18}},"13":{"start":{"line":50,"column":12},"end":{"line":51,"column":46}},"14":{"start":{"line":52,"column":12},"end":{"line":52,"column":18}},"15":{"start":{"line":55,"column":8},"end":{"line":55,"column":35}},"16":{"start":{"line":61,"column":4},"end":{"line":63,"column":9}},"17":{"start":{"line":62,"column":8},"end":{"line":62,"column":15}},"18":{"start":{"line":64,"column":4},"end":{"line":77,"column":5}},"19":{"start":{"line":70,"column":8},"end":{"line":70,"column":14}},"20":{"start":{"line":76,"column":8},"end":{"line":76,"column":14}},"21":{"start":{"line":82,"column":4},"end":{"line":84,"column":9}},"22":{"start":{"line":83,"column":8},"end":{"line":83,"column":15}},"23":{"start":{"line":85,"column":4},"end":{"line":184,"column":5}},"24":{"start":{"line":92,"column":8},"end":{"line":94,"column":63}},"25":{"start":{"line":95,"column":8},"end":{"line":95,"column":14}},"26":{"start":{"line":102,"column":8},"end":{"line":111,"column":10},"skip":true},"27":{"start":{"line":109,"column":12},"end":{"line":109,"column":55},"skip":true},"28":{"start":{"line":110,"column":12},"end":{"line":110,"column":48},"skip":true},"29":{"start":{"line":113,"column":8},"end":{"line":126,"column":10},"skip":true},"30":{"start":{"line":120,"column":12},"end":{"line":120,"column":76},"skip":true},"31":{"start":{"line":121,"column":12},"end":{"line":121,"column":73},"skip":true},"32":{"start":{"line":122,"column":12},"end":{"line":122,"column":74},"skip":true},"33":{"start":{"line":123,"column":12},"end":{"line":123,"column":79},"skip":true},"34":{"start":{"line":124,"column":12},"end":{"line":124,"column":25},"skip":true},"35":{"start":{"line":125,"column":12},"end":{"line":125,"column":45},"skip":true},"36":{"start":{"line":128,"column":8},"end":{"line":135,"column":14},"skip":true},"37":{"start":{"line":133,"column":16},"end":{"line":133,"column":29},"skip":true},"38":{"start":{"line":134,"column":16},"end":{"line":134,"column":55},"skip":true},"39":{"start":{"line":137,"column":8},"end":{"line":146,"column":10},"skip":true},"40":{"start":{"line":144,"column":12},"end":{"line":144,"column":25},"skip":true},"41":{"start":{"line":145,"column":12},"end":{"line":145,"column":45},"skip":true},"42":{"start":{"line":148,"column":8},"end":{"line":157,"column":10},"skip":true},"43":{"start":{"line":155,"column":12},"end":{"line":155,"column":25},"skip":true},"44":{"start":{"line":156,"column":12},"end":{"line":156,"column":48},"skip":true},"45":{"start":{"line":159,"column":8},"end":{"line":168,"column":10},"skip":true},"46":{"start":{"line":166,"column":12},"end":{"line":166,"column":25},"skip":true},"47":{"start":{"line":167,"column":12},"end":{"line":167,"column":46},"skip":true},"48":{"start":{"line":170,"column":8},"end":{"line":179,"column":10},"skip":true},"49":{"start":{"line":177,"column":12},"end":{"line":177,"column":94},"skip":true},"50":{"start":{"line":178,"column":12},"end":{"line":178,"column":48},"skip":true},"51":{"start":{"line":182,"column":8},"end":{"line":182,"column":35},"skip":true},"52":{"start":{"line":183,"column":8},"end":{"line":183,"column":14},"skip":true}},"branchMap":{"1":{"line":25,"type":"binary-expr","locations":[{"start":{"line":25,"column":23},"end":{"line":25,"column":62}},{"start":{"line":26,"column":20},"end":{"line":26,"column":70}},{"start":{"line":27,"column":20},"end":{"line":27,"column":71}},{"start":{"line":28,"column":20},"end":{"line":28,"column":29}}]},"2":{"line":30,"type":"binary-expr","locations":[{"start":{"line":30,"column":23},"end":{"line":30,"column":37}},{"start":{"line":31,"column":20},"end":{"line":31,"column":61}},{"start":{"line":32,"column":20},"end":{"line":32,"column":70}},{"start":{"line":33,"column":20},"end":{"line":33,"column":26}}]},"3":{"line":37,"type":"cond-expr","locations":[{"start":{"line":38,"column":14},"end":{"line":38,"column":20}},{"start":{"line":39,"column":14},"end":{"line":39,"column":20}}]},"4":{"line":40,"type":"switch","locations":[{"start":{"line":42,"column":8},"end":{"line":47,"column":18}},{"start":{"line":49,"column":8},"end":{"line":52,"column":18}}]},"5":{"line":44,"type":"binary-expr","locations":[{"start":{"line":44,"column":16},"end":{"line":44,"column":44}},{"start":{"line":44,"column":48},"end":{"line":44,"column":66}}]},"6":{"line":50,"type":"binary-expr","locations":[{"start":{"line":50,"column":21},"end":{"line":50,"column":49}},{"start":{"line":50,"column":53},"end":{"line":50,"column":72}}]},"7":{"line":64,"type":"switch","locations":[{"start":{"line":69,"column":4},"end":{"line":70,"column":14}},{"start":{"line":75,"column":4},"end":{"line":76,"column":14}}]},"8":{"line":85,"type":"switch","locations":[{"start":{"line":90,"column":4},"end":{"line":95,"column":14}},{"start":{"line":101,"column":4},"end":{"line":183,"column":14},"skip":true}]},"9":{"line":92,"type":"binary-expr","locations":[{"start":{"line":92,"column":18},"end":{"line":92,"column":32}},{"start":{"line":93,"column":12},"end":{"line":93,"column":53}},{"start":{"line":94,"column":12},"end":{"line":94,"column":61}}]},"10":{"line":102,"type":"binary-expr","locations":[{"start":{"line":102,"column":45},"end":{"line":102,"column":79},"skip":true},{"start":{"line":102,"column":83},"end":{"line":111,"column":9},"skip":true}]},"11":{"line":113,"type":"binary-expr","locations":[{"start":{"line":113,"column":42},"end":{"line":113,"column":73},"skip":true},{"start":{"line":113,"column":77},"end":{"line":126,"column":9},"skip":true}]},"12":{"line":128,"type":"binary-expr","locations":[{"start":{"line":128,"column":48},"end":{"line":128,"column":85},"skip":true},{"start":{"line":129,"column":12},"end":{"line":135,"column":13},"skip":true}]},"13":{"line":137,"type":"binary-expr","locations":[{"start":{"line":137,"column":42},"end":{"line":137,"column":73},"skip":true},{"start":{"line":137,"column":77},"end":{"line":146,"column":9},"skip":true}]},"14":{"line":148,"type":"binary-expr","locations":[{"start":{"line":148,"column":45},"end":{"line":148,"column":79},"skip":true},{"start":{"line":148,"column":83},"end":{"line":157,"column":9},"skip":true}]},"15":{"line":159,"type":"binary-expr","locations":[{"start":{"line":159,"column":43},"end":{"line":159,"column":75},"skip":true},{"start":{"line":159,"column":79},"end":{"line":168,"column":9},"skip":true}]},"16":{"line":170,"type":"binary-expr","locations":[{"start":{"line":170,"column":41},"end":{"line":170,"column":71},"skip":true},{"start":{"line":170,"column":75},"end":{"line":179,"column":9},"skip":true}]}},"code":["/* istanbul instrument in package npmtest_node_static */","/*jslint","    bitwise: true,","    browser: true,","    maxerr: 8,","    maxlen: 96,","    node: true,","    nomen: true,","    regexp: true,","    stupid: true","*/","(function () {","    'use strict';","    var local;","","","","    // run shared js-env code - pre-init","    (function () {","        // init local","        local = {};","        // init modeJs","        local.modeJs = (function () {","            try {","                return typeof navigator.userAgent === 'string' &&","                    typeof document.querySelector('body') === 'object' &&","                    typeof XMLHttpRequest.prototype.open === 'function' &&","                    'browser';","            } catch (errorCaughtBrowser) {","                return module.exports &&","                    typeof process.versions.node === 'string' &&","                    typeof require('http').createServer === 'function' &&","                    'node';","            }","        }());","        // init global","        local.global = local.modeJs === 'browser'","            ? window","            : global;","        switch (local.modeJs) {","        // re-init local from window.local","        case 'browser':","            local = local.global.utility2.objectSetDefault(","                local.global.utility2_rollup || local.global.local,","                local.global.utility2","            );","            break;","        // re-init local from example.js","        case 'node':","            local = (local.global.utility2_rollup || require('utility2'))","                .requireExampleJsFromReadme();","            break;","        }","        // export local","        local.global.local = local;","    }());","","","","    // run shared js-env code - function","    (function () {","        return;","    }());","    switch (local.modeJs) {","","","","    // run browser js-env code - function","    case 'browser':","        break;","","","","    // run node js-env code - function","    case 'node':","        break;","    }","","","","    // run shared js-env code - post-init","    (function () {","        return;","    }());","    switch (local.modeJs) {","","","","    // run browser js-env code - post-init","    case 'browser':","        // run tests","        local.nop(local.modeTest &&","            document.querySelector('#testRunButton1') &&","            document.querySelector('#testRunButton1').click());","        break;","","","","    // run node js-env code - post-init","    /* istanbul ignore next */","    case 'node':","        local.testCase_buildApidoc_default = local.testCase_buildApidoc_default || function (","            options,","            onError","        ) {","        /*","         * this function will test buildApidoc's default handling-behavior-behavior","         */","            options = { modulePathList: module.paths };","            local.buildApidoc(options, onError);","        };","","        local.testCase_buildApp_default = local.testCase_buildApp_default || function (","            options,","            onError","        ) {","        /*","         * this function will test buildApp's default handling-behavior-behavior","         */","            local.testCase_buildReadme_default(options, local.onErrorThrow);","            local.testCase_buildLib_default(options, local.onErrorThrow);","            local.testCase_buildTest_default(options, local.onErrorThrow);","            local.testCase_buildCustomOrg_default(options, local.onErrorThrow);","            options = [];","            local.buildApp(options, onError);","        };","","        local.testCase_buildCustomOrg_default = local.testCase_buildCustomOrg_default ||","            function (options, onError) {","            /*","             * this function will test buildCustomOrg's default handling-behavior","             */","                options = {};","                local.buildCustomOrg(options, onError);","            };","","        local.testCase_buildLib_default = local.testCase_buildLib_default || function (","            options,","            onError","        ) {","        /*","         * this function will test buildLib's default handling-behavior","         */","            options = {};","            local.buildLib(options, onError);","        };","","        local.testCase_buildReadme_default = local.testCase_buildReadme_default || function (","            options,","            onError","        ) {","        /*","         * this function will test buildReadme's default handling-behavior-behavior","         */","            options = {};","            local.buildReadme(options, onError);","        };","","        local.testCase_buildTest_default = local.testCase_buildTest_default || function (","            options,","            onError","        ) {","        /*","         * this function will test buildTest's default handling-behavior","         */","            options = {};","            local.buildTest(options, onError);","        };","","        local.testCase_webpage_default = local.testCase_webpage_default || function (","            options,","            onError","        ) {","        /*","         * this function will test webpage's default handling-behavior","         */","            options = { modeCoverageMerge: true, url: local.serverLocalHost + '?modeTest=1' };","            local.browserTest(options, onError);","        };","","        // run test-server","        local.testRunServer(local);","        break;","    }","}());",""],"l":{"12":2,"14":2,"19":2,"21":2,"23":2,"24":2,"25":2,"30":1,"37":2,"40":2,"43":1,"47":1,"50":1,"52":1,"55":2,"61":2,"62":2,"64":2,"70":1,"76":1,"82":2,"83":2,"85":2,"92":1,"95":1,"102":1,"109":1,"110":1,"113":1,"120":1,"121":1,"122":1,"123":1,"124":1,"125":1,"128":1,"133":2,"134":2,"137":1,"144":2,"145":2,"148":1,"155":2,"156":2,"159":1,"166":2,"167":2,"170":1,"177":1,"178":1,"182":1,"183":1}},"/home/travis/build/npmtest/node-npmtest-node-static/lib.npmtest_node_static.js":{"path":"/home/travis/build/npmtest/node-npmtest-node-static/lib.npmtest_node_static.js","s":{"1":2,"2":2,"3":2,"4":2,"5":2,"6":2,"7":2,"8":1,"9":2,"10":2,"11":2,"12":2,"13":1,"14":1,"15":1,"16":1},"b":{"1":[2,1,1,1],"2":[1,1,1,1],"3":[1,1],"4":[2,2],"5":[1,1]},"f":{"1":2,"2":2,"3":2},"fnMap":{"1":{"name":"(anonymous_1)","line":12,"loc":{"start":{"line":12,"column":1},"end":{"line":12,"column":13}}},"2":{"name":"(anonymous_2)","line":19,"loc":{"start":{"line":19,"column":5},"end":{"line":19,"column":17}}},"3":{"name":"(anonymous_3)","line":23,"loc":{"start":{"line":23,"column":24},"end":{"line":23,"column":36}}}},"statementMap":{"1":{"start":{"line":12,"column":0},"end":{"line":53,"column":5}},"2":{"start":{"line":14,"column":4},"end":{"line":14,"column":14}},"3":{"start":{"line":19,"column":4},"end":{"line":52,"column":9}},"4":{"start":{"line":21,"column":8},"end":{"line":21,"column":19}},"5":{"start":{"line":23,"column":8},"end":{"line":35,"column":13}},"6":{"start":{"line":24,"column":12},"end":{"line":34,"column":13}},"7":{"start":{"line":25,"column":16},"end":{"line":28,"column":30}},"8":{"start":{"line":30,"column":16},"end":{"line":33,"column":27}},"9":{"start":{"line":37,"column":8},"end":{"line":39,"column":21}},"10":{"start":{"line":41,"column":8},"end":{"line":41,"column":54}},"11":{"start":{"line":43,"column":8},"end":{"line":43,"column":56}},"12":{"start":{"line":45,"column":8},"end":{"line":51,"column":9}},"13":{"start":{"line":46,"column":12},"end":{"line":46,"column":62}},"14":{"start":{"line":48,"column":12},"end":{"line":48,"column":35}},"15":{"start":{"line":49,"column":12},"end":{"line":49,"column":49}},"16":{"start":{"line":50,"column":12},"end":{"line":50,"column":43}}},"branchMap":{"1":{"line":25,"type":"binary-expr","locations":[{"start":{"line":25,"column":23},"end":{"line":25,"column":62}},{"start":{"line":26,"column":20},"end":{"line":26,"column":70}},{"start":{"line":27,"column":20},"end":{"line":27,"column":71}},{"start":{"line":28,"column":20},"end":{"line":28,"column":29}}]},"2":{"line":30,"type":"binary-expr","locations":[{"start":{"line":30,"column":23},"end":{"line":30,"column":37}},{"start":{"line":31,"column":20},"end":{"line":31,"column":61}},{"start":{"line":32,"column":20},"end":{"line":32,"column":70}},{"start":{"line":33,"column":20},"end":{"line":33,"column":26}}]},"3":{"line":37,"type":"cond-expr","locations":[{"start":{"line":38,"column":14},"end":{"line":38,"column":20}},{"start":{"line":39,"column":14},"end":{"line":39,"column":20}}]},"4":{"line":41,"type":"binary-expr","locations":[{"start":{"line":41,"column":16},"end":{"line":41,"column":44}},{"start":{"line":41,"column":48},"end":{"line":41,"column":53}}]},"5":{"line":45,"type":"if","locations":[{"start":{"line":45,"column":8},"end":{"line":45,"column":8}},{"start":{"line":45,"column":8},"end":{"line":45,"column":8}}]}},"code":["/* istanbul instrument in package npmtest_node_static */","/*jslint","    bitwise: true,","    browser: true,","    maxerr: 8,","    maxlen: 96,","    node: true,","    nomen: true,","    regexp: true,","    stupid: true","*/","(function () {","    'use strict';","    var local;","","","","    // run shared js-env code - pre-init","    (function () {","        // init local","        local = {};","        // init modeJs","        local.modeJs = (function () {","            try {","                return typeof navigator.userAgent === 'string' &&","                    typeof document.querySelector('body') === 'object' &&","                    typeof XMLHttpRequest.prototype.open === 'function' &&","                    'browser';","            } catch (errorCaughtBrowser) {","                return module.exports &&","                    typeof process.versions.node === 'string' &&","                    typeof require('http').createServer === 'function' &&","                    'node';","            }","        }());","        // init global","        local.global = local.modeJs === 'browser'","            ? window","            : global;","        // init utility2_rollup","        local = local.global.utility2_rollup || local;","        // init lib","        local.local = local.npmtest_node_static = local;","        // init exports","        if (local.modeJs === 'browser') {","            local.global.utility2_npmtest_node_static = local;","        } else {","            module.exports = local;","            module.exports.__dirname = __dirname;","            module.exports.module = module;","        }","    }());","}());",""],"l":{"12":2,"14":2,"19":2,"21":2,"23":2,"24":2,"25":2,"30":1,"37":2,"41":2,"43":2,"45":2,"46":1,"48":1,"49":1,"50":1}},"/home/travis/build/npmtest/node-npmtest-node-static/example.js":{"path":"/home/travis/build/npmtest/node-npmtest-node-static/example.js","s":{"1":2,"2":2,"3":2,"4":2,"5":2,"6":2,"7":2,"8":1,"9":2,"10":2,"11":2,"12":2,"13":1,"14":2,"15":2,"16":2,"17":2,"18":2,"19":0,"20":2,"21":1,"22":1,"23":1,"24":1,"25":1,"26":0,"27":0,"28":1,"29":1,"30":2,"31":0,"32":0,"33":0,"34":1,"35":2,"36":2,"37":2,"38":2,"39":2,"40":2,"41":0,"42":2,"43":2,"44":2,"45":1,"46":3,"47":1,"48":1,"49":1,"50":1,"51":1,"52":1,"53":1,"54":1,"55":1,"56":1,"57":0,"58":1,"59":6,"60":6,"61":1,"62":2,"63":0,"64":2,"65":1,"66":1,"67":0,"68":0,"69":0,"70":0,"71":0,"72":0,"73":0,"74":0,"75":0,"76":0,"77":0,"78":0,"79":0,"80":0,"81":0,"82":0,"83":0},"b":{"1":[2,1,1,1],"2":[1,1,1,1],"3":[1,1],"4":[2,2],"5":[1,1],"6":[1,1],"7":[2,0],"8":[2,1,1,1,1,1],"9":[0,2,0],"10":[1,1],"11":[2,1,1],"12":[1,0],"13":[0,2],"14":[2,0,0,0,0,0,0],"15":[0,2],"16":[2,0],"17":[1,1],"18":[0,1],"19":[1,2,0,2],"20":[1,0],"21":[1,1],"22":[0,0],"23":[0,0],"24":[0,0],"25":[0,0],"26":[0,0],"27":[0,0],"28":[0,0]},"f":{"1":2,"2":2,"3":2,"4":2,"5":2,"6":2,"7":2,"8":2,"9":3,"10":1,"11":6,"12":0},"fnMap":{"1":{"name":"(anonymous_1)","line":26,"loc":{"start":{"line":26,"column":1},"end":{"line":26,"column":13}}},"2":{"name":"(anonymous_2)","line":33,"loc":{"start":{"line":33,"column":5},"end":{"line":33,"column":17}}},"3":{"name":"(anonymous_3)","line":37,"loc":{"start":{"line":37,"column":24},"end":{"line":37,"column":36}}},"4":{"name":"(anonymous_4)","line":69,"loc":{"start":{"line":69,"column":31},"end":{"line":69,"column":48}},"skip":true},"5":{"name":"(anonymous_5)","line":78,"loc":{"start":{"line":78,"column":26},"end":{"line":78,"column":45}},"skip":true},"6":{"name":"(anonymous_6)","line":123,"loc":{"start":{"line":123,"column":33},"end":{"line":123,"column":48}},"skip":true},"7":{"name":"(anonymous_7)","line":125,"loc":{"start":{"line":125,"column":27},"end":{"line":125,"column":39}},"skip":true},"8":{"name":"(anonymous_8)","line":133,"loc":{"start":{"line":133,"column":59},"end":{"line":133,"column":74}},"skip":true},"9":{"name":"(anonymous_9)","line":143,"loc":{"start":{"line":143,"column":45},"end":{"line":143,"column":62}},"skip":true},"10":{"name":"(anonymous_10)","line":144,"loc":{"start":{"line":144,"column":73},"end":{"line":144,"column":92}},"skip":true},"11":{"name":"(anonymous_11)","line":272,"loc":{"start":{"line":272,"column":51},"end":{"line":272,"column":77}},"skip":true},"12":{"name":"(anonymous_12)","line":314,"loc":{"start":{"line":314,"column":32},"end":{"line":314,"column":61}},"skip":true}},"statementMap":{"1":{"start":{"line":26,"column":0},"end":{"line":325,"column":5}},"2":{"start":{"line":28,"column":4},"end":{"line":28,"column":14}},"3":{"start":{"line":33,"column":4},"end":{"line":60,"column":9}},"4":{"start":{"line":35,"column":8},"end":{"line":35,"column":19}},"5":{"start":{"line":37,"column":8},"end":{"line":49,"column":13}},"6":{"start":{"line":38,"column":12},"end":{"line":48,"column":13}},"7":{"start":{"line":39,"column":16},"end":{"line":42,"column":30}},"8":{"start":{"line":44,"column":16},"end":{"line":47,"column":27}},"9":{"start":{"line":51,"column":8},"end":{"line":53,"column":21}},"10":{"start":{"line":55,"column":8},"end":{"line":57,"column":45}},"11":{"start":{"line":59,"column":8},"end":{"line":59,"column":35}},"12":{"start":{"line":61,"column":4},"end":{"line":324,"column":5}},"13":{"start":{"line":69,"column":8},"end":{"line":121,"column":10},"skip":true},"14":{"start":{"line":70,"column":12},"end":{"line":88,"column":13},"skip":true},"15":{"start":{"line":76,"column":16},"end":{"line":87,"column":19},"skip":true},"16":{"start":{"line":79,"column":20},"end":{"line":86,"column":21},"skip":true},"17":{"start":{"line":82,"column":24},"end":{"line":82,"column":43},"skip":true},"18":{"start":{"line":83,"column":24},"end":{"line":83,"column":30},"skip":true},"19":{"start":{"line":85,"column":24},"end":{"line":85,"column":49},"skip":true},"20":{"start":{"line":89,"column":12},"end":{"line":107,"column":13},"skip":true},"21":{"start":{"line":92,"column":16},"end":{"line":102,"column":17},"skip":true},"22":{"start":{"line":93,"column":20},"end":{"line":93,"column":86},"skip":true},"23":{"start":{"line":94,"column":20},"end":{"line":95,"column":45},"skip":true},"24":{"start":{"line":96,"column":20},"end":{"line":96,"column":42},"skip":true},"25":{"start":{"line":97,"column":20},"end":{"line":97,"column":48},"skip":true},"26":{"start":{"line":100,"column":20},"end":{"line":100,"column":85},"skip":true},"27":{"start":{"line":101,"column":20},"end":{"line":101,"column":96},"skip":true},"28":{"start":{"line":103,"column":16},"end":{"line":103,"column":22},"skip":true},"29":{"start":{"line":106,"column":16},"end":{"line":106,"column":22},"skip":true},"30":{"start":{"line":108,"column":12},"end":{"line":120,"column":13},"skip":true},"31":{"start":{"line":114,"column":16},"end":{"line":119,"column":17},"skip":true},"32":{"start":{"line":116,"column":20},"end":{"line":116,"column":78},"skip":true},"33":{"start":{"line":118,"column":20},"end":{"line":118,"column":47},"skip":true},"34":{"start":{"line":123,"column":8},"end":{"line":141,"column":11},"skip":true},"35":{"start":{"line":124,"column":12},"end":{"line":124,"column":54},"skip":true},"36":{"start":{"line":125,"column":12},"end":{"line":140,"column":14},"skip":true},"37":{"start":{"line":126,"column":16},"end":{"line":126,"column":28},"skip":true},"38":{"start":{"line":127,"column":16},"end":{"line":127,"column":69},"skip":true},"39":{"start":{"line":128,"column":16},"end":{"line":128,"column":75},"skip":true},"40":{"start":{"line":129,"column":16},"end":{"line":131,"column":17},"skip":true},"41":{"start":{"line":130,"column":20},"end":{"line":130,"column":27},"skip":true},"42":{"start":{"line":133,"column":16},"end":{"line":137,"column":36},"skip":true},"43":{"start":{"line":134,"column":20},"end":{"line":136,"column":55},"skip":true},"44":{"start":{"line":139,"column":16},"end":{"line":139,"column":57},"skip":true},"45":{"start":{"line":143,"column":8},"end":{"line":147,"column":11},"skip":true},"46":{"start":{"line":144,"column":12},"end":{"line":146,"column":15},"skip":true},"47":{"start":{"line":145,"column":16},"end":{"line":145,"column":70},"skip":true},"48":{"start":{"line":149,"column":8},"end":{"line":149,"column":31},"skip":true},"49":{"start":{"line":150,"column":8},"end":{"line":150,"column":14},"skip":true},"50":{"start":{"line":158,"column":8},"end":{"line":158,"column":31},"skip":true},"51":{"start":{"line":160,"column":8},"end":{"line":160,"column":33},"skip":true},"52":{"start":{"line":161,"column":8},"end":{"line":161,"column":37},"skip":true},"53":{"start":{"line":162,"column":8},"end":{"line":162,"column":35},"skip":true},"54":{"start":{"line":164,"column":8},"end":{"line":164,"column":50},"skip":true},"55":{"start":{"line":166,"column":8},"end":{"line":256,"column":2},"skip":true},"56":{"start":{"line":258,"column":8},"end":{"line":286,"column":9},"skip":true},"57":{"start":{"line":259,"column":12},"end":{"line":269,"column":14},"skip":true},"58":{"start":{"line":271,"column":12},"end":{"line":285,"column":19},"skip":true},"59":{"start":{"line":274,"column":20},"end":{"line":274,"column":35},"skip":true},"60":{"start":{"line":275,"column":20},"end":{"line":284,"column":21},"skip":true},"61":{"start":{"line":277,"column":24},"end":{"line":277,"column":64},"skip":true},"62":{"start":{"line":279,"column":24},"end":{"line":279,"column":40},"skip":true},"63":{"start":{"line":281,"column":24},"end":{"line":281,"column":40},"skip":true},"64":{"start":{"line":283,"column":24},"end":{"line":283,"column":39},"skip":true},"65":{"start":{"line":288,"column":8},"end":{"line":290,"column":9},"skip":true},"66":{"start":{"line":289,"column":12},"end":{"line":289,"column":18},"skip":true},"67":{"start":{"line":291,"column":8},"end":{"line":293,"column":54},"skip":true},"68":{"start":{"line":294,"column":8},"end":{"line":301,"column":37},"skip":true},"69":{"start":{"line":302,"column":8},"end":{"line":302,"column":82},"skip":true},"70":{"start":{"line":305,"column":8},"end":{"line":307,"column":9},"skip":true},"71":{"start":{"line":306,"column":12},"end":{"line":306,"column":82},"skip":true},"72":{"start":{"line":309,"column":8},"end":{"line":311,"column":9},"skip":true},"73":{"start":{"line":310,"column":12},"end":{"line":310,"column":18},"skip":true},"74":{"start":{"line":312,"column":8},"end":{"line":312,"column":54},"skip":true},"75":{"start":{"line":313,"column":8},"end":{"line":313,"column":69},"skip":true},"76":{"start":{"line":314,"column":8},"end":{"line":322,"column":36},"skip":true},"77":{"start":{"line":315,"column":12},"end":{"line":315,"column":61},"skip":true},"78":{"start":{"line":316,"column":12},"end":{"line":319,"column":13},"skip":true},"79":{"start":{"line":317,"column":16},"end":{"line":317,"column":75},"skip":true},"80":{"start":{"line":318,"column":16},"end":{"line":318,"column":23},"skip":true},"81":{"start":{"line":320,"column":12},"end":{"line":320,"column":38},"skip":true},"82":{"start":{"line":321,"column":12},"end":{"line":321,"column":27},"skip":true},"83":{"start":{"line":323,"column":8},"end":{"line":323,"column":14},"skip":true}},"branchMap":{"1":{"line":39,"type":"binary-expr","locations":[{"start":{"line":39,"column":23},"end":{"line":39,"column":62}},{"start":{"line":40,"column":20},"end":{"line":40,"column":70}},{"start":{"line":41,"column":20},"end":{"line":41,"column":71}},{"start":{"line":42,"column":20},"end":{"line":42,"column":29}}]},"2":{"line":44,"type":"binary-expr","locations":[{"start":{"line":44,"column":23},"end":{"line":44,"column":37}},{"start":{"line":45,"column":20},"end":{"line":45,"column":61}},{"start":{"line":46,"column":20},"end":{"line":46,"column":70}},{"start":{"line":47,"column":20},"end":{"line":47,"column":26}}]},"3":{"line":51,"type":"cond-expr","locations":[{"start":{"line":52,"column":14},"end":{"line":52,"column":20}},{"start":{"line":53,"column":14},"end":{"line":53,"column":20}}]},"4":{"line":55,"type":"binary-expr","locations":[{"start":{"line":55,"column":16},"end":{"line":55,"column":44}},{"start":{"line":55,"column":49},"end":{"line":57,"column":43}}]},"5":{"line":55,"type":"cond-expr","locations":[{"start":{"line":56,"column":14},"end":{"line":56,"column":55}},{"start":{"line":57,"column":14},"end":{"line":57,"column":43}}]},"6":{"line":61,"type":"switch","locations":[{"start":{"line":68,"column":4},"end":{"line":150,"column":14},"skip":true},{"start":{"line":156,"column":4},"end":{"line":323,"column":14},"skip":true}]},"7":{"line":70,"type":"if","locations":[{"start":{"line":70,"column":12},"end":{"line":70,"column":12},"skip":true},{"start":{"line":70,"column":12},"end":{"line":70,"column":12},"skip":true}]},"8":{"line":70,"type":"binary-expr","locations":[{"start":{"line":70,"column":16},"end":{"line":70,"column":22},"skip":true},{"start":{"line":70,"column":27},"end":{"line":70,"column":32},"skip":true},{"start":{"line":71,"column":20},"end":{"line":71,"column":39},"skip":true},{"start":{"line":72,"column":20},"end":{"line":72,"column":49},"skip":true},{"start":{"line":73,"column":20},"end":{"line":73,"column":58},"skip":true},{"start":{"line":74,"column":20},"end":{"line":74,"column":69},"skip":true}]},"9":{"line":79,"type":"switch","locations":[{"start":{"line":80,"column":20},"end":{"line":80,"column":33},"skip":true},{"start":{"line":81,"column":20},"end":{"line":83,"column":30},"skip":true},{"start":{"line":84,"column":20},"end":{"line":85,"column":49},"skip":true}]},"10":{"line":89,"type":"switch","locations":[{"start":{"line":90,"column":12},"end":{"line":103,"column":22},"skip":true},{"start":{"line":105,"column":12},"end":{"line":106,"column":22},"skip":true}]},"11":{"line":89,"type":"binary-expr","locations":[{"start":{"line":89,"column":20},"end":{"line":89,"column":25},"skip":true},{"start":{"line":89,"column":29},"end":{"line":89,"column":48},"skip":true},{"start":{"line":89,"column":52},"end":{"line":89,"column":74},"skip":true}]},"12":{"line":92,"type":"if","locations":[{"start":{"line":92,"column":16},"end":{"line":92,"column":16},"skip":true},{"start":{"line":92,"column":16},"end":{"line":92,"column":16},"skip":true}]},"13":{"line":108,"type":"if","locations":[{"start":{"line":108,"column":12},"end":{"line":108,"column":12},"skip":true},{"start":{"line":108,"column":12},"end":{"line":108,"column":12},"skip":true}]},"14":{"line":108,"type":"binary-expr","locations":[{"start":{"line":108,"column":16},"end":{"line":108,"column":61},"skip":true},{"start":{"line":108,"column":66},"end":{"line":108,"column":72},"skip":true},{"start":{"line":108,"column":77},"end":{"line":108,"column":82},"skip":true},{"start":{"line":109,"column":20},"end":{"line":109,"column":39},"skip":true},{"start":{"line":110,"column":20},"end":{"line":110,"column":49},"skip":true},{"start":{"line":111,"column":20},"end":{"line":111,"column":58},"skip":true},{"start":{"line":112,"column":20},"end":{"line":112,"column":68},"skip":true}]},"15":{"line":129,"type":"if","locations":[{"start":{"line":129,"column":16},"end":{"line":129,"column":16},"skip":true},{"start":{"line":129,"column":16},"end":{"line":129,"column":16},"skip":true}]},"16":{"line":134,"type":"cond-expr","locations":[{"start":{"line":135,"column":26},"end":{"line":135,"column":29},"skip":true},{"start":{"line":136,"column":26},"end":{"line":136,"column":54},"skip":true}]},"17":{"line":164,"type":"binary-expr","locations":[{"start":{"line":164,"column":27},"end":{"line":164,"column":43},"skip":true},{"start":{"line":164,"column":47},"end":{"line":164,"column":49},"skip":true}]},"18":{"line":258,"type":"if","locations":[{"start":{"line":258,"column":8},"end":{"line":258,"column":8},"skip":true},{"start":{"line":258,"column":8},"end":{"line":258,"column":8},"skip":true}]},"19":{"line":275,"type":"switch","locations":[{"start":{"line":276,"column":20},"end":{"line":277,"column":64},"skip":true},{"start":{"line":278,"column":20},"end":{"line":279,"column":40},"skip":true},{"start":{"line":280,"column":20},"end":{"line":281,"column":40},"skip":true},{"start":{"line":282,"column":20},"end":{"line":283,"column":39},"skip":true}]},"20":{"line":288,"type":"if","locations":[{"start":{"line":288,"column":8},"end":{"line":288,"column":8},"skip":true},{"start":{"line":288,"column":8},"end":{"line":288,"column":8},"skip":true}]},"21":{"line":288,"type":"binary-expr","locations":[{"start":{"line":288,"column":12},"end":{"line":288,"column":40},"skip":true},{"start":{"line":288,"column":44},"end":{"line":288,"column":67},"skip":true}]},"22":{"line":292,"type":"binary-expr","locations":[{"start":{"line":292,"column":12},"end":{"line":292,"column":50},"skip":true},{"start":{"line":293,"column":12},"end":{"line":293,"column":53},"skip":true}]},"23":{"line":295,"type":"binary-expr","locations":[{"start":{"line":295,"column":12},"end":{"line":295,"column":69},"skip":true},{"start":{"line":296,"column":12},"end":{"line":301,"column":36},"skip":true}]},"24":{"line":302,"type":"binary-expr","locations":[{"start":{"line":302,"column":43},"end":{"line":302,"column":75},"skip":true},{"start":{"line":302,"column":79},"end":{"line":302,"column":81},"skip":true}]},"25":{"line":305,"type":"if","locations":[{"start":{"line":305,"column":8},"end":{"line":305,"column":8},"skip":true},{"start":{"line":305,"column":8},"end":{"line":305,"column":8},"skip":true}]},"26":{"line":309,"type":"if","locations":[{"start":{"line":309,"column":8},"end":{"line":309,"column":8},"skip":true},{"start":{"line":309,"column":8},"end":{"line":309,"column":8},"skip":true}]},"27":{"line":312,"type":"binary-expr","locations":[{"start":{"line":312,"column":27},"end":{"line":312,"column":43},"skip":true},{"start":{"line":312,"column":47},"end":{"line":312,"column":53},"skip":true}]},"28":{"line":316,"type":"if","locations":[{"start":{"line":316,"column":12},"end":{"line":316,"column":12},"skip":true},{"start":{"line":316,"column":12},"end":{"line":316,"column":12},"skip":true}]}},"code":["/*","example.js","","quickstart example","","instruction","    1. save this script as example.js","    2. run the shell command:","        $ npm install npmtest-node-static && PORT=8081 node example.js","    3. play with the browser-demo on http://127.0.0.1:8081","*/","","","","/* istanbul instrument in package npmtest_node_static */","/*jslint","    bitwise: true,","    browser: true,","    maxerr: 8,","    maxlen: 96,","    node: true,","    nomen: true,","    regexp: true,","    stupid: true","*/","(function () {","    'use strict';","    var local;","","","","    // run shared js-env code - pre-init","    (function () {","        // init local","        local = {};","        // init modeJs","        local.modeJs = (function () {","            try {","                return typeof navigator.userAgent === 'string' &&","                    typeof document.querySelector('body') === 'object' &&","                    typeof XMLHttpRequest.prototype.open === 'function' &&","                    'browser';","            } catch (errorCaughtBrowser) {","                return module.exports &&","                    typeof process.versions.node === 'string' &&","                    typeof require('http').createServer === 'function' &&","                    'node';","            }","        }());","        // init global","        local.global = local.modeJs === 'browser'","            ? window","            : global;","        // init utility2_rollup","        local = local.global.utility2_rollup || (local.modeJs === 'browser'","            ? local.global.utility2_npmtest_node_static","            : global.utility2_moduleExports);","        // export local","        local.global.local = local;","    }());","    switch (local.modeJs) {","","","","    // post-init","    // run browser js-env code - post-init","    /* istanbul ignore next */","    case 'browser':","        local.testRunBrowser = function (event) {","            if (!event || (event &&","                    event.currentTarget &&","                    event.currentTarget.className &&","                    event.currentTarget.className.includes &&","                    event.currentTarget.className.includes('onreset'))) {","                // reset output","                Array.from(","                    document.querySelectorAll('body > .resettable')","                ).forEach(function (element) {","                    switch (element.tagName) {","                    case 'INPUT':","                    case 'TEXTAREA':","                        element.value = '';","                        break;","                    default:","                        element.textContent = '';","                    }","                });","            }","            switch (event && event.currentTarget && event.currentTarget.id) {","            case 'testRunButton1':","                // show tests","                if (document.querySelector('#testReportDiv1').style.display === 'none') {","                    document.querySelector('#testReportDiv1').style.display = 'block';","                    document.querySelector('#testRunButton1').textContent =","                        'hide internal test';","                    local.modeTest = true;","                    local.testRunDefault(local);","                // hide tests","                } else {","                    document.querySelector('#testReportDiv1').style.display = 'none';","                    document.querySelector('#testRunButton1').textContent = 'run internal test';","                }","                break;","            // custom-case","            default:","                break;","            }","            if (document.querySelector('#inputTextareaEval1') && (!event || (event &&","                    event.currentTarget &&","                    event.currentTarget.className &&","                    event.currentTarget.className.includes &&","                    event.currentTarget.className.includes('oneval')))) {","                // try to eval input-code","                try {","                    /*jslint evil: true*/","                    eval(document.querySelector('#inputTextareaEval1').value);","                } catch (errorCaught) {","                    console.error(errorCaught);","                }","            }","        };","        // log stderr and stdout to #outputTextareaStdout1","        ['error', 'log'].forEach(function (key) {","            console[key + '_original'] = console[key];","            console[key] = function () {","                var element;","                console[key + '_original'].apply(console, arguments);","                element = document.querySelector('#outputTextareaStdout1');","                if (!element) {","                    return;","                }","                // append text to #outputTextareaStdout1","                element.value += Array.from(arguments).map(function (arg) {","                    return typeof arg === 'string'","                        ? arg","                        : JSON.stringify(arg, null, 4);","                }).join(' ') + '\\n';","                // scroll textarea to bottom","                element.scrollTop = element.scrollHeight;","            };","        });","        // init event-handling","        ['change', 'click', 'keyup'].forEach(function (event) {","            Array.from(document.querySelectorAll('.on' + event)).forEach(function (element) {","                element.addEventListener(event, local.testRunBrowser);","            });","        });","        // run tests","        local.testRunBrowser();","        break;","","","","    // run node js-env code - post-init","    /* istanbul ignore next */","    case 'node':","        // export local","        module.exports = local;","        // require modules","        local.fs = require('fs');","        local.http = require('http');","        local.url = require('url');","        // init assets","        local.assetsDict = local.assetsDict || {};","        /* jslint-ignore-begin */","        local.assetsDict['/assets.index.template.html'] = '\\","<!doctype html>\\n\\","<html lang=\"en\">\\n\\","<head>\\n\\","<meta charset=\"UTF-8\">\\n\\","<meta name=\"viewport\" content=\"width=device-width, initial-scale=1\">\\n\\","<title>{{env.npm_package_name}} (v{{env.npm_package_version}})</title>\\n\\","<style>\\n\\","/*csslint\\n\\","    box-sizing: false,\\n\\","    universal-selector: false\\n\\","*/\\n\\","* {\\n\\","    box-sizing: border-box;\\n\\","}\\n\\","body {\\n\\","    background: #dde;\\n\\","    font-family: Arial, Helvetica, sans-serif;\\n\\","    margin: 2rem;\\n\\","}\\n\\","body > * {\\n\\","    margin-bottom: 1rem;\\n\\","}\\n\\",".utility2FooterDiv {\\n\\","    margin-top: 20px;\\n\\","    text-align: center;\\n\\","}\\n\\","</style>\\n\\","<style>\\n\\","/*csslint\\n\\","*/\\n\\","textarea {\\n\\","    font-family: monospace;\\n\\","    height: 10rem;\\n\\","    width: 100%;\\n\\","}\\n\\","textarea[readonly] {\\n\\","    background: #ddd;\\n\\","}\\n\\","</style>\\n\\","</head>\\n\\","<body>\\n\\","<!-- utility2-comment\\n\\","<div id=\"ajaxProgressDiv1\" style=\"background: #d00; height: 2px; left: 0; margin: 0; padding: 0; position: fixed; top: 0; transition: background 0.5s, width 1.5s; width: 25%;\"></div>\\n\\","utility2-comment -->\\n\\","<h1>\\n\\","<!-- utility2-comment\\n\\","    <a\\n\\","        {{#if env.npm_package_homepage}}\\n\\","        href=\"{{env.npm_package_homepage}}\"\\n\\","        {{/if env.npm_package_homepage}}\\n\\","        target=\"_blank\"\\n\\","    >\\n\\","utility2-comment -->\\n\\","        {{env.npm_package_name}} (v{{env.npm_package_version}})\\n\\","<!-- utility2-comment\\n\\","    </a>\\n\\","utility2-comment -->\\n\\","</h1>\\n\\","<h3>{{env.npm_package_description}}</h3>\\n\\","<!-- utility2-comment\\n\\","<h4><a download href=\"assets.app.js\">download standalone app</a></h4>\\n\\","<button class=\"onclick onreset\" id=\"testRunButton1\">run internal test</button><br>\\n\\","<div id=\"testReportDiv1\" style=\"display: none;\"></div>\\n\\","utility2-comment -->\\n\\","\\n\\","\\n\\","\\n\\","<label>stderr and stdout</label>\\n\\","<textarea class=\"resettable\" id=\"outputTextareaStdout1\" readonly></textarea>\\n\\","<!-- utility2-comment\\n\\","{{#if isRollup}}\\n\\","<script src=\"assets.app.js\"></script>\\n\\","{{#unless isRollup}}\\n\\","utility2-comment -->\\n\\","<script src=\"assets.utility2.rollup.js\"></script>\\n\\","<script src=\"jsonp.utility2._stateInit?callback=window.utility2._stateInit\"></script>\\n\\","<script src=\"assets.npmtest_node_static.rollup.js\"></script>\\n\\","<script src=\"assets.example.js\"></script>\\n\\","<script src=\"assets.test.js\"></script>\\n\\","<!-- utility2-comment\\n\\","{{/if isRollup}}\\n\\","utility2-comment -->\\n\\","<div class=\"utility2FooterDiv\">\\n\\","    [ this app was created with\\n\\","    <a href=\"https://github.com/kaizhu256/node-utility2\" target=\"_blank\">utility2</a>\\n\\","    ]\\n\\","</div>\\n\\","</body>\\n\\","</html>\\n\\","';","        /* jslint-ignore-end */","        if (local.templateRender) {","            local.assetsDict['/'] = local.templateRender(","                local.assetsDict['/assets.index.template.html'],","                {","                    env: local.objectSetDefault(local.env, {","                        npm_package_description: 'the greatest app in the world!',","                        npm_package_name: 'my-app',","                        npm_package_nameAlias: 'my_app',","                        npm_package_version: '0.0.1'","                    })","                }","            );","        } else {","            local.assetsDict['/'] = local.assetsDict['/assets.index.template.html']","                .replace((/\\{\\{env\\.(\\w+?)\\}\\}/g), function (match0, match1) {","                    // jslint-hack","                    String(match0);","                    switch (match1) {","                    case 'npm_package_description':","                        return 'the greatest app in the world!';","                    case 'npm_package_name':","                        return 'my-app';","                    case 'npm_package_nameAlias':","                        return 'my_app';","                    case 'npm_package_version':","                        return '0.0.1';","                    }","                });","        }","        // run the cli","        if (local.global.utility2_rollup || module !== require.main) {","            break;","        }","        local.assetsDict['/assets.example.js'] =","            local.assetsDict['/assets.example.js'] ||","            local.fs.readFileSync(__filename, 'utf8');","        local.assetsDict['/assets.npmtest_node_static.rollup.js'] =","            local.assetsDict['/assets.npmtest_node_static.rollup.js'] ||","            local.fs.readFileSync(","                // buildCustomOrg-hack","                local.npmtest_node_static.__dirname +","                    '/lib.npmtest_node_static.js',","                'utf8'","            ).replace((/^#!/), '//');","        local.assetsDict['/favicon.ico'] = local.assetsDict['/favicon.ico'] || '';","        // if $npm_config_timeout_exit exists,","        // then exit this process after $npm_config_timeout_exit ms","        if (Number(process.env.npm_config_timeout_exit)) {","            setTimeout(process.exit, Number(process.env.npm_config_timeout_exit));","        }","        // start server","        if (local.global.utility2_serverHttp1) {","            break;","        }","        process.env.PORT = process.env.PORT || '8081';","        console.error('server starting on port ' + process.env.PORT);","        local.http.createServer(function (request, response) {","            request.urlParsed = local.url.parse(request.url);","            if (local.assetsDict[request.urlParsed.pathname] !== undefined) {","                response.end(local.assetsDict[request.urlParsed.pathname]);","                return;","            }","            response.statusCode = 404;","            response.end();","        }).listen(process.env.PORT);","        break;","    }","}());",""],"l":{"26":2,"28":2,"33":2,"35":2,"37":2,"38":2,"39":2,"44":1,"51":2,"55":2,"59":2,"61":2,"69":1,"70":2,"76":2,"79":2,"82":2,"83":2,"85":1,"89":2,"92":1,"93":1,"94":1,"96":1,"97":1,"100":1,"101":1,"103":1,"106":1,"108":2,"114":1,"116":1,"118":1,"123":1,"124":2,"125":2,"126":2,"127":2,"128":2,"129":2,"130":1,"133":2,"134":2,"139":2,"143":1,"144":3,"145":1,"149":1,"150":1,"158":1,"160":1,"161":1,"162":1,"164":1,"166":1,"258":1,"259":1,"271":1,"274":6,"275":6,"277":1,"279":2,"281":1,"283":2,"288":1,"289":1,"291":1,"294":1,"302":1,"305":1,"306":1,"309":1,"310":1,"312":1,"313":1,"314":1,"315":1,"316":1,"317":1,"318":1,"320":1,"321":1,"323":1}},"/home/travis/build/npmtest/node-npmtest-node-static/node_modules/node-static/lib/node-static.js":{"path":"/home/travis/build/npmtest/node-npmtest-node-static/node_modules/node-static/lib/node-static.js","s":{"1":1,"2":1,"3":1,"4":0,"5":0,"6":0,"7":0,"8":0,"9":0,"10":0,"11":0,"12":0,"13":0,"14":0,"15":0,"16":0,"17":0,"18":0,"19":0,"20":0,"21":0,"22":0,"23":0,"24":0,"25":0,"26":1,"27":0,"28":0,"29":0,"30":0,"31":0,"32":0,"33":0,"34":0,"35":0,"36":0,"37":0,"38":0,"39":0,"40":0,"41":1,"42":0,"43":0,"44":0,"45":0,"46":1,"47":0,"48":0,"49":0,"50":0,"51":0,"52":0,"53":0,"54":0,"55":0,"56":1,"57":0,"58":0,"59":0,"60":0,"61":0,"62":0,"63":0,"64":0,"65":0,"66":0,"67":0,"68":0,"69":0,"70":0,"71":1,"72":0,"73":0,"74":0,"75":0,"76":0,"77":0,"78":0,"79":0,"80":0,"81":0,"82":0,"83":0,"84":0,"85":1,"86":0,"87":1,"88":0,"89":0,"90":0,"91":0,"92":0,"93":0,"94":0,"95":0,"96":0,"97":0,"98":0,"99":0,"100":0,"101":1,"102":0,"103":0,"104":0,"105":0,"106":0,"107":1,"108":0,"109":0,"110":0,"111":0,"112":0,"113":0,"114":0,"115":0,"116":0,"117":0,"118":0,"119":0,"120":1,"121":0,"122":0,"123":0,"124":0,"125":0,"126":0,"127":0,"128":0,"129":0,"130":0,"131":0,"132":0,"133":0,"134":0,"135":0,"136":0,"137":0,"138":0,"139":1,"140":0,"141":0,"142":0,"143":0,"144":0,"145":0,"146":0,"147":0,"148":0,"149":0,"150":0,"151":0,"152":0,"153":0,"154":0,"155":0,"156":0,"157":0,"158":0,"159":0,"160":0,"161":0,"162":0,"163":0,"164":0,"165":0,"166":0,"167":0,"168":0,"169":0,"170":0,"171":1,"172":0,"173":0,"174":0,"175":0,"176":1,"177":0,"178":0,"179":0,"180":0,"181":0,"182":0,"183":0,"184":0,"185":0,"186":0,"187":0,"188":0,"189":1,"190":1,"191":1},"b":{"1":[0,0],"2":[0,0],"3":[0,0],"4":[0,0],"5":[0,0],"6":[0,0],"7":[0,0],"8":[0,0],"9":[0,0],"10":[0,0],"11":[0,0],"12":[0,0],"13":[0,0],"14":[0,0],"15":[0,0],"16":[0,0],"17":[0,0],"18":[0,0],"19":[0,0],"20":[0,0],"21":[0,0],"22":[0,0],"23":[0,0],"24":[0,0],"25":[0,0],"26":[0,0],"27":[0,0],"28":[0,0],"29":[0,0],"30":[0,0],"31":[0,0],"32":[0,0,0,0,0],"33":[0,0],"34":[0,0],"35":[0,0],"36":[0,0],"37":[0,0],"38":[0,0],"39":[0,0],"40":[0,0],"41":[0,0],"42":[0,0],"43":[0,0],"44":[0,0],"45":[0,0],"46":[0,0],"47":[0,0],"48":[0,0],"49":[0,0],"50":[0,0,0,0],"51":[0,0],"52":[0,0],"53":[0,0],"54":[0,0],"55":[0,0],"56":[0,0],"57":[0,0],"58":[0,0,0,0,0,0],"59":[0,0],"60":[0,0,0],"61":[0,0],"62":[0,0],"63":[0,0],"64":[0,0],"65":[0,0],"66":[0,0],"67":[0,0,0]},"f":{"1":0,"2":0,"3":0,"4":0,"5":0,"6":0,"7":0,"8":0,"9":0,"10":0,"11":0,"12":0,"13":0,"14":0,"15":0,"16":0,"17":0,"18":0,"19":0,"20":0,"21":0,"22":0,"23":0,"24":0,"25":0,"26":0,"27":0,"28":0,"29":0,"30":0,"31":0,"32":0},"fnMap":{"1":{"name":"(anonymous_1)","line":13,"loc":{"start":{"line":13,"column":13},"end":{"line":13,"column":38}}},"2":{"name":"(anonymous_2)","line":52,"loc":{"start":{"line":52,"column":28},"end":{"line":52,"column":66}}},"3":{"name":"(anonymous_3)","line":56,"loc":{"start":{"line":56,"column":23},"end":{"line":56,"column":42}}},"4":{"name":"(anonymous_4)","line":68,"loc":{"start":{"line":68,"column":59},"end":{"line":68,"column":82}}},"5":{"name":"streamFiles","line":75,"loc":{"start":{"line":75,"column":4},"end":{"line":75,"column":32}}},"6":{"name":"(anonymous_6)","line":76,"loc":{"start":{"line":76,"column":36},"end":{"line":76,"column":55}}},"7":{"name":"(anonymous_7)","line":83,"loc":{"start":{"line":83,"column":29},"end":{"line":83,"column":76}}},"8":{"name":"(anonymous_8)","line":89,"loc":{"start":{"line":89,"column":22},"end":{"line":89,"column":41}}},"9":{"name":"(anonymous_9)","line":93,"loc":{"start":{"line":93,"column":72},"end":{"line":93,"column":99}}},"10":{"name":"(anonymous_10)","line":100,"loc":{"start":{"line":100,"column":26},"end":{"line":100,"column":82}}},"11":{"name":"(anonymous_11)","line":133,"loc":{"start":{"line":133,"column":29},"end":{"line":133,"column":84}}},"12":{"name":"(anonymous_12)","line":142,"loc":{"start":{"line":142,"column":26},"end":{"line":142,"column":45}}},"13":{"name":"(anonymous_13)","line":160,"loc":{"start":{"line":160,"column":27},"end":{"line":160,"column":47}}},"14":{"name":"(anonymous_14)","line":164,"loc":{"start":{"line":164,"column":25},"end":{"line":164,"column":55}}},"15":{"name":"(anonymous_15)","line":169,"loc":{"start":{"line":169,"column":17},"end":{"line":169,"column":44}}},"16":{"name":"(anonymous_16)","line":177,"loc":{"start":{"line":177,"column":32},"end":{"line":177,"column":43}}},"17":{"name":"(anonymous_17)","line":182,"loc":{"start":{"line":182,"column":21},"end":{"line":182,"column":33}}},"18":{"name":"(anonymous_18)","line":183,"loc":{"start":{"line":183,"column":74},"end":{"line":183,"column":92}}},"19":{"name":"(anonymous_19)","line":185,"loc":{"start":{"line":185,"column":23},"end":{"line":185,"column":38}}},"20":{"name":"(anonymous_20)","line":195,"loc":{"start":{"line":195,"column":26},"end":{"line":195,"column":53}}},"21":{"name":"(anonymous_21)","line":209,"loc":{"start":{"line":209,"column":31},"end":{"line":209,"column":112}}},"22":{"name":"(anonymous_22)","line":213,"loc":{"start":{"line":213,"column":24},"end":{"line":213,"column":44}}},"23":{"name":"(anonymous_23)","line":232,"loc":{"start":{"line":232,"column":34},"end":{"line":232,"column":54}}},"24":{"name":"(anonymous_24)","line":270,"loc":{"start":{"line":270,"column":33},"end":{"line":270,"column":115}}},"25":{"name":"(anonymous_25)","line":331,"loc":{"start":{"line":331,"column":34},"end":{"line":331,"column":57}}},"26":{"name":"(anonymous_26)","line":339,"loc":{"start":{"line":339,"column":56},"end":{"line":339,"column":69}}},"27":{"name":"(anonymous_27)","line":346,"loc":{"start":{"line":346,"column":27},"end":{"line":346,"column":96}}},"28":{"name":"(anonymous_28)","line":358,"loc":{"start":{"line":358,"column":26},"end":{"line":358,"column":87}}},"29":{"name":"streamFile","line":360,"loc":{"start":{"line":360,"column":5},"end":{"line":360,"column":40}}},"30":{"name":"(anonymous_30)","line":372,"loc":{"start":{"line":372,"column":26},"end":{"line":372,"column":43}}},"31":{"name":"(anonymous_31)","line":378,"loc":{"start":{"line":378,"column":27},"end":{"line":378,"column":39}}},"32":{"name":"(anonymous_32)","line":380,"loc":{"start":{"line":380,"column":27},"end":{"line":380,"column":42}}}},"statementMap":{"1":{"start":{"line":1,"column":0},"end":{"line":8,"column":43}},"2":{"start":{"line":11,"column":0},"end":{"line":11,"column":24}},"3":{"start":{"line":13,"column":0},"end":{"line":50,"column":2}},"4":{"start":{"line":14,"column":4},"end":{"line":14,"column":76}},"5":{"start":{"line":14,"column":47},"end":{"line":14,"column":62}},"6":{"start":{"line":14,"column":63},"end":{"line":14,"column":75}},"7":{"start":{"line":17,"column":4},"end":{"line":17,"column":61}},"8":{"start":{"line":18,"column":4},"end":{"line":18,"column":33}},"9":{"start":{"line":19,"column":4},"end":{"line":19,"column":24}},"10":{"start":{"line":21,"column":4},"end":{"line":21,"column":30}},"11":{"start":{"line":22,"column":4},"end":{"line":22,"column":54}},"12":{"start":{"line":24,"column":4},"end":{"line":24,"column":68}},"13":{"start":{"line":26,"column":4},"end":{"line":32,"column":5}},"14":{"start":{"line":27,"column":8},"end":{"line":31,"column":9}},"15":{"start":{"line":28,"column":12},"end":{"line":28,"column":44}},"16":{"start":{"line":29,"column":15},"end":{"line":31,"column":9}},"17":{"start":{"line":30,"column":12},"end":{"line":30,"column":31}},"18":{"start":{"line":34,"column":4},"end":{"line":38,"column":5}},"19":{"start":{"line":35,"column":8},"end":{"line":35,"column":61}},"20":{"start":{"line":37,"column":8},"end":{"line":37,"column":61}},"21":{"start":{"line":40,"column":4},"end":{"line":40,"column":52}},"22":{"start":{"line":42,"column":4},"end":{"line":44,"column":5}},"23":{"start":{"line":43,"column":8},"end":{"line":43,"column":71}},"24":{"start":{"line":46,"column":4},"end":{"line":49,"column":5}},"25":{"start":{"line":47,"column":8},"end":{"line":48,"column":57}},"26":{"start":{"line":52,"column":0},"end":{"line":81,"column":2}},"27":{"start":{"line":53,"column":4},"end":{"line":54,"column":20}},"28":{"start":{"line":56,"column":4},"end":{"line":74,"column":7}},"29":{"start":{"line":57,"column":8},"end":{"line":73,"column":9}},"30":{"start":{"line":58,"column":12},"end":{"line":58,"column":29}},"31":{"start":{"line":59,"column":12},"end":{"line":59,"column":29}},"32":{"start":{"line":60,"column":12},"end":{"line":60,"column":74}},"33":{"start":{"line":61,"column":12},"end":{"line":65,"column":13}},"34":{"start":{"line":62,"column":16},"end":{"line":62,"column":75}},"35":{"start":{"line":64,"column":16},"end":{"line":64,"column":89}},"36":{"start":{"line":68,"column":12},"end":{"line":72,"column":15}},"37":{"start":{"line":69,"column":16},"end":{"line":69,"column":49}},"38":{"start":{"line":69,"column":25},"end":{"line":69,"column":48}},"39":{"start":{"line":70,"column":16},"end":{"line":70,"column":49}},"40":{"start":{"line":71,"column":16},"end":{"line":71,"column":41}},"41":{"start":{"line":75,"column":4},"end":{"line":80,"column":5}},"42":{"start":{"line":76,"column":8},"end":{"line":79,"column":11}},"43":{"start":{"line":77,"column":12},"end":{"line":77,"column":45}},"44":{"start":{"line":77,"column":21},"end":{"line":77,"column":44}},"45":{"start":{"line":78,"column":12},"end":{"line":78,"column":75}},"46":{"start":{"line":83,"column":0},"end":{"line":98,"column":2}},"47":{"start":{"line":84,"column":4},"end":{"line":84,"column":20}},"48":{"start":{"line":85,"column":4},"end":{"line":85,"column":43}},"49":{"start":{"line":87,"column":4},"end":{"line":87,"column":38}},"50":{"start":{"line":89,"column":4},"end":{"line":96,"column":7}},"51":{"start":{"line":90,"column":8},"end":{"line":92,"column":9}},"52":{"start":{"line":91,"column":12},"end":{"line":91,"column":44}},"53":{"start":{"line":93,"column":8},"end":{"line":95,"column":11}},"54":{"start":{"line":94,"column":12},"end":{"line":94,"column":60}},"55":{"start":{"line":97,"column":4},"end":{"line":97,"column":19}},"56":{"start":{"line":100,"column":0},"end":{"line":131,"column":2}},"57":{"start":{"line":101,"column":4},"end":{"line":105,"column":6}},"58":{"start":{"line":107,"column":4},"end":{"line":107,"column":40}},"59":{"start":{"line":109,"column":4},"end":{"line":130,"column":5}},"60":{"start":{"line":110,"column":8},"end":{"line":120,"column":9}},"61":{"start":{"line":111,"column":12},"end":{"line":111,"column":29}},"62":{"start":{"line":113,"column":12},"end":{"line":119,"column":13}},"63":{"start":{"line":114,"column":16},"end":{"line":114,"column":46}},"64":{"start":{"line":117,"column":14},"end":{"line":117,"column":45}},"65":{"start":{"line":118,"column":14},"end":{"line":118,"column":24}},"66":{"start":{"line":124,"column":8},"end":{"line":127,"column":9}},"67":{"start":{"line":125,"column":12},"end":{"line":125,"column":43}},"68":{"start":{"line":126,"column":12},"end":{"line":126,"column":22}},"69":{"start":{"line":128,"column":8},"end":{"line":128,"column":43}},"70":{"start":{"line":129,"column":8},"end":{"line":129,"column":40}},"71":{"start":{"line":133,"column":0},"end":{"line":158,"column":2}},"72":{"start":{"line":134,"column":4},"end":{"line":135,"column":43}},"73":{"start":{"line":137,"column":4},"end":{"line":137,"column":38}},"74":{"start":{"line":141,"column":4},"end":{"line":156,"column":5}},"75":{"start":{"line":142,"column":8},"end":{"line":152,"column":11}},"76":{"start":{"line":143,"column":12},"end":{"line":151,"column":13}},"77":{"start":{"line":144,"column":16},"end":{"line":144,"column":32}},"78":{"start":{"line":145,"column":19},"end":{"line":151,"column":13}},"79":{"start":{"line":146,"column":16},"end":{"line":146,"column":88}},"80":{"start":{"line":147,"column":19},"end":{"line":151,"column":13}},"81":{"start":{"line":148,"column":16},"end":{"line":148,"column":58}},"82":{"start":{"line":150,"column":16},"end":{"line":150,"column":32}},"83":{"start":{"line":155,"column":8},"end":{"line":155,"column":24}},"84":{"start":{"line":157,"column":4},"end":{"line":157,"column":19}},"85":{"start":{"line":160,"column":0},"end":{"line":162,"column":2}},"86":{"start":{"line":161,"column":4},"end":{"line":161,"column":56}},"87":{"start":{"line":164,"column":0},"end":{"line":190,"column":2}},"88":{"start":{"line":165,"column":4},"end":{"line":167,"column":17}},"89":{"start":{"line":169,"column":4},"end":{"line":171,"column":6}},"90":{"start":{"line":170,"column":8},"end":{"line":170,"column":66}},"91":{"start":{"line":173,"column":4},"end":{"line":180,"column":5}},"92":{"start":{"line":174,"column":8},"end":{"line":174,"column":58}},"93":{"start":{"line":177,"column":8},"end":{"line":179,"column":11}},"94":{"start":{"line":178,"column":12},"end":{"line":178,"column":35}},"95":{"start":{"line":182,"column":4},"end":{"line":188,"column":7}},"96":{"start":{"line":183,"column":8},"end":{"line":187,"column":11}},"97":{"start":{"line":184,"column":12},"end":{"line":184,"column":44}},"98":{"start":{"line":186,"column":12},"end":{"line":186,"column":34}},"99":{"start":{"line":189,"column":4},"end":{"line":189,"column":38}},"100":{"start":{"line":189,"column":22},"end":{"line":189,"column":37}},"101":{"start":{"line":195,"column":0},"end":{"line":204,"column":1}},"102":{"start":{"line":196,"column":4},"end":{"line":196,"column":35}},"103":{"start":{"line":197,"column":4},"end":{"line":202,"column":5}},"104":{"start":{"line":200,"column":8},"end":{"line":200,"column":60}},"105":{"start":{"line":201,"column":8},"end":{"line":201,"column":69}},"106":{"start":{"line":203,"column":4},"end":{"line":203,"column":17}},"107":{"start":{"line":209,"column":0},"end":{"line":230,"column":1}},"108":{"start":{"line":210,"column":4},"end":{"line":210,"column":20}},"109":{"start":{"line":211,"column":4},"end":{"line":229,"column":5}},"110":{"start":{"line":212,"column":8},"end":{"line":212,"column":38}},"111":{"start":{"line":213,"column":8},"end":{"line":225,"column":11}},"112":{"start":{"line":214,"column":12},"end":{"line":223,"column":13}},"113":{"start":{"line":216,"column":16},"end":{"line":216,"column":44}},"114":{"start":{"line":217,"column":16},"end":{"line":217,"column":102}},"115":{"start":{"line":218,"column":16},"end":{"line":218,"column":54}},"116":{"start":{"line":219,"column":16},"end":{"line":219,"column":40}},"117":{"start":{"line":220,"column":16},"end":{"line":220,"column":33}},"118":{"start":{"line":224,"column":12},"end":{"line":224,"column":103}},"119":{"start":{"line":228,"column":8},"end":{"line":228,"column":99}},"120":{"start":{"line":232,"column":0},"end":{"line":268,"column":1}},"121":{"start":{"line":233,"column":4},"end":{"line":237,"column":5}},"122":{"start":{"line":239,"column":4},"end":{"line":239,"column":43}},"123":{"start":{"line":240,"column":4},"end":{"line":240,"column":26}},"124":{"start":{"line":242,"column":4},"end":{"line":266,"column":5}},"125":{"start":{"line":243,"column":8},"end":{"line":265,"column":9}},"126":{"start":{"line":245,"column":12},"end":{"line":245,"column":71}},"127":{"start":{"line":246,"column":12},"end":{"line":246,"column":54}},"128":{"start":{"line":247,"column":12},"end":{"line":247,"column":52}},"129":{"start":{"line":250,"column":12},"end":{"line":255,"column":13}},"130":{"start":{"line":251,"column":16},"end":{"line":251,"column":58}},"131":{"start":{"line":252,"column":16},"end":{"line":252,"column":61}},"132":{"start":{"line":253,"column":19},"end":{"line":255,"column":13}},"133":{"start":{"line":254,"column":16},"end":{"line":254,"column":61}},"134":{"start":{"line":258,"column":12},"end":{"line":262,"column":13}},"135":{"start":{"line":259,"column":16},"end":{"line":259,"column":39}},"136":{"start":{"line":261,"column":16},"end":{"line":261,"column":85}},"137":{"start":{"line":264,"column":12},"end":{"line":264,"column":85}},"138":{"start":{"line":267,"column":4},"end":{"line":267,"column":21}},"139":{"start":{"line":270,"column":0},"end":{"line":344,"column":2}},"140":{"start":{"line":271,"column":4},"end":{"line":278,"column":57}},"141":{"start":{"line":281,"column":4},"end":{"line":296,"column":5}},"142":{"start":{"line":282,"column":8},"end":{"line":295,"column":9}},"143":{"start":{"line":285,"column":12},"end":{"line":285,"column":39}},"144":{"start":{"line":286,"column":12},"end":{"line":286,"column":55}},"145":{"start":{"line":287,"column":12},"end":{"line":287,"column":25}},"146":{"start":{"line":290,"column":12},"end":{"line":290,"column":104}},"147":{"start":{"line":293,"column":12},"end":{"line":293,"column":36}},"148":{"start":{"line":294,"column":12},"end":{"line":294,"column":141}},"149":{"start":{"line":299,"column":4},"end":{"line":301,"column":5}},"150":{"start":{"line":300,"column":8},"end":{"line":300,"column":102}},"151":{"start":{"line":304,"column":4},"end":{"line":304,"column":81}},"152":{"start":{"line":304,"column":43},"end":{"line":304,"column":80}},"153":{"start":{"line":306,"column":4},"end":{"line":306,"column":56}},"154":{"start":{"line":306,"column":30},"end":{"line":306,"column":55}},"155":{"start":{"line":308,"column":4},"end":{"line":308,"column":86}},"156":{"start":{"line":309,"column":4},"end":{"line":309,"column":57}},"157":{"start":{"line":310,"column":4},"end":{"line":310,"column":67}},"158":{"start":{"line":311,"column":4},"end":{"line":311,"column":44}},"159":{"start":{"line":312,"column":4},"end":{"line":312,"column":39}},"160":{"start":{"line":314,"column":4},"end":{"line":314,"column":56}},"161":{"start":{"line":314,"column":30},"end":{"line":314,"column":55}},"162":{"start":{"line":319,"column":4},"end":{"line":343,"column":5}},"163":{"start":{"line":323,"column":8},"end":{"line":333,"column":11}},"164":{"start":{"line":332,"column":12},"end":{"line":332,"column":41}},"165":{"start":{"line":334,"column":8},"end":{"line":334,"column":29}},"166":{"start":{"line":337,"column":8},"end":{"line":337,"column":39}},"167":{"start":{"line":339,"column":8},"end":{"line":342,"column":11}},"168":{"start":{"line":340,"column":12},"end":{"line":340,"column":45}},"169":{"start":{"line":340,"column":21},"end":{"line":340,"column":44}},"170":{"start":{"line":341,"column":12},"end":{"line":341,"column":36}},"171":{"start":{"line":346,"column":0},"end":{"line":356,"column":1}},"172":{"start":{"line":347,"column":4},"end":{"line":349,"column":49}},"173":{"start":{"line":351,"column":4},"end":{"line":355,"column":5}},"174":{"start":{"line":352,"column":8},"end":{"line":352,"column":97}},"175":{"start":{"line":354,"column":8},"end":{"line":354,"column":99}},"176":{"start":{"line":358,"column":0},"end":{"line":389,"column":2}},"177":{"start":{"line":360,"column":4},"end":{"line":388,"column":26}},"178":{"start":{"line":361,"column":8},"end":{"line":361,"column":33}},"179":{"start":{"line":363,"column":8},"end":{"line":387,"column":9}},"180":{"start":{"line":364,"column":12},"end":{"line":364,"column":106}},"181":{"start":{"line":367,"column":12},"end":{"line":383,"column":41}},"182":{"start":{"line":375,"column":16},"end":{"line":377,"column":17}},"183":{"start":{"line":376,"column":20},"end":{"line":376,"column":43}},"184":{"start":{"line":379,"column":16},"end":{"line":379,"column":42}},"185":{"start":{"line":381,"column":16},"end":{"line":381,"column":30}},"186":{"start":{"line":382,"column":16},"end":{"line":382,"column":35}},"187":{"start":{"line":385,"column":12},"end":{"line":385,"column":22}},"188":{"start":{"line":386,"column":12},"end":{"line":386,"column":35}},"189":{"start":{"line":392,"column":0},"end":{"line":392,"column":30}},"190":{"start":{"line":393,"column":0},"end":{"line":393,"column":31}},"191":{"start":{"line":394,"column":0},"end":{"line":394,"column":28}}},"branchMap":{"1":{"line":14,"type":"if","locations":[{"start":{"line":14,"column":4},"end":{"line":14,"column":4}},{"start":{"line":14,"column":4},"end":{"line":14,"column":4}}]},"2":{"line":14,"type":"binary-expr","locations":[{"start":{"line":14,"column":8},"end":{"line":14,"column":12}},{"start":{"line":14,"column":17},"end":{"line":14,"column":42}}]},"3":{"line":17,"type":"binary-expr","locations":[{"start":{"line":17,"column":47},"end":{"line":17,"column":51}},{"start":{"line":17,"column":55},"end":{"line":17,"column":58}}]},"4":{"line":18,"type":"binary-expr","locations":[{"start":{"line":18,"column":19},"end":{"line":18,"column":26}},{"start":{"line":18,"column":30},"end":{"line":18,"column":32}}]},"5":{"line":22,"type":"binary-expr","locations":[{"start":{"line":22,"column":27},"end":{"line":22,"column":47}},{"start":{"line":22,"column":51},"end":{"line":22,"column":53}}]},"6":{"line":24,"type":"binary-expr","locations":[{"start":{"line":24,"column":29},"end":{"line":24,"column":51}},{"start":{"line":24,"column":55},"end":{"line":24,"column":67}}]},"7":{"line":26,"type":"if","locations":[{"start":{"line":26,"column":4},"end":{"line":26,"column":4}},{"start":{"line":26,"column":4},"end":{"line":26,"column":4}}]},"8":{"line":27,"type":"if","locations":[{"start":{"line":27,"column":8},"end":{"line":27,"column":8}},{"start":{"line":27,"column":8},"end":{"line":27,"column":8}}]},"9":{"line":29,"type":"if","locations":[{"start":{"line":29,"column":15},"end":{"line":29,"column":15}},{"start":{"line":29,"column":15},"end":{"line":29,"column":15}}]},"10":{"line":34,"type":"if","locations":[{"start":{"line":34,"column":4},"end":{"line":34,"column":4}},{"start":{"line":34,"column":4},"end":{"line":34,"column":4}}]},"11":{"line":42,"type":"if","locations":[{"start":{"line":42,"column":4},"end":{"line":42,"column":4}},{"start":{"line":42,"column":4},"end":{"line":42,"column":4}}]},"12":{"line":47,"type":"binary-expr","locations":[{"start":{"line":47,"column":34},"end":{"line":47,"column":57}},{"start":{"line":48,"column":34},"end":{"line":48,"column":56}}]},"13":{"line":57,"type":"if","locations":[{"start":{"line":57,"column":8},"end":{"line":57,"column":8}},{"start":{"line":57,"column":8},"end":{"line":57,"column":8}}]},"14":{"line":61,"type":"if","locations":[{"start":{"line":61,"column":12},"end":{"line":61,"column":12}},{"start":{"line":61,"column":12},"end":{"line":61,"column":12}}]},"15":{"line":61,"type":"binary-expr","locations":[{"start":{"line":61,"column":16},"end":{"line":61,"column":39}},{"start":{"line":61,"column":43},"end":{"line":61,"column":103}}]},"16":{"line":69,"type":"if","locations":[{"start":{"line":69,"column":16},"end":{"line":69,"column":16}},{"start":{"line":69,"column":16},"end":{"line":69,"column":16}}]},"17":{"line":77,"type":"if","locations":[{"start":{"line":77,"column":12},"end":{"line":77,"column":12}},{"start":{"line":77,"column":12},"end":{"line":77,"column":12}}]},"18":{"line":90,"type":"if","locations":[{"start":{"line":90,"column":8},"end":{"line":90,"column":8}},{"start":{"line":90,"column":8},"end":{"line":90,"column":8}}]},"19":{"line":109,"type":"if","locations":[{"start":{"line":109,"column":4},"end":{"line":109,"column":4}},{"start":{"line":109,"column":4},"end":{"line":109,"column":4}}]},"20":{"line":109,"type":"binary-expr","locations":[{"start":{"line":109,"column":8},"end":{"line":109,"column":15}},{"start":{"line":109,"column":19},"end":{"line":109,"column":32}}]},"21":{"line":110,"type":"if","locations":[{"start":{"line":110,"column":8},"end":{"line":110,"column":8}},{"start":{"line":110,"column":8},"end":{"line":110,"column":8}}]},"22":{"line":113,"type":"if","locations":[{"start":{"line":113,"column":12},"end":{"line":113,"column":12}},{"start":{"line":113,"column":12},"end":{"line":113,"column":12}}]},"23":{"line":124,"type":"if","locations":[{"start":{"line":124,"column":8},"end":{"line":124,"column":8}},{"start":{"line":124,"column":8},"end":{"line":124,"column":8}}]},"24":{"line":124,"type":"binary-expr","locations":[{"start":{"line":124,"column":12},"end":{"line":124,"column":26}},{"start":{"line":124,"column":30},"end":{"line":124,"column":50}}]},"25":{"line":128,"type":"binary-expr","locations":[{"start":{"line":128,"column":8},"end":{"line":128,"column":16}},{"start":{"line":128,"column":20},"end":{"line":128,"column":42}}]},"26":{"line":141,"type":"if","locations":[{"start":{"line":141,"column":4},"end":{"line":141,"column":4}},{"start":{"line":141,"column":4},"end":{"line":141,"column":4}}]},"27":{"line":143,"type":"if","locations":[{"start":{"line":143,"column":12},"end":{"line":143,"column":12}},{"start":{"line":143,"column":12},"end":{"line":143,"column":12}}]},"28":{"line":145,"type":"if","locations":[{"start":{"line":145,"column":19},"end":{"line":145,"column":19}},{"start":{"line":145,"column":19},"end":{"line":145,"column":19}}]},"29":{"line":147,"type":"if","locations":[{"start":{"line":147,"column":19},"end":{"line":147,"column":19}},{"start":{"line":147,"column":19},"end":{"line":147,"column":19}}]},"30":{"line":189,"type":"if","locations":[{"start":{"line":189,"column":4},"end":{"line":189,"column":4}},{"start":{"line":189,"column":4},"end":{"line":189,"column":4}}]},"31":{"line":197,"type":"if","locations":[{"start":{"line":197,"column":4},"end":{"line":197,"column":4}},{"start":{"line":197,"column":4},"end":{"line":197,"column":4}}]},"32":{"line":197,"type":"binary-expr","locations":[{"start":{"line":197,"column":7},"end":{"line":197,"column":13}},{"start":{"line":198,"column":9},"end":{"line":198,"column":36}},{"start":{"line":199,"column":13},"end":{"line":199,"column":24}},{"start":{"line":199,"column":29},"end":{"line":199,"column":53}},{"start":{"line":199,"column":58},"end":{"line":199,"column":82}}]},"33":{"line":201,"type":"binary-expr","locations":[{"start":{"line":201,"column":15},"end":{"line":201,"column":29}},{"start":{"line":201,"column":33},"end":{"line":201,"column":68}}]},"34":{"line":211,"type":"if","locations":[{"start":{"line":211,"column":4},"end":{"line":211,"column":4}},{"start":{"line":211,"column":4},"end":{"line":211,"column":4}}]},"35":{"line":211,"type":"binary-expr","locations":[{"start":{"line":211,"column":7},"end":{"line":211,"column":24}},{"start":{"line":211,"column":28},"end":{"line":211,"column":57}}]},"36":{"line":214,"type":"if","locations":[{"start":{"line":214,"column":12},"end":{"line":214,"column":12}},{"start":{"line":214,"column":12},"end":{"line":214,"column":12}}]},"37":{"line":214,"type":"binary-expr","locations":[{"start":{"line":214,"column":15},"end":{"line":214,"column":17}},{"start":{"line":214,"column":21},"end":{"line":214,"column":36}}]},"38":{"line":217,"type":"cond-expr","locations":[{"start":{"line":217,"column":70},"end":{"line":217,"column":79}},{"start":{"line":217,"column":80},"end":{"line":217,"column":82}}]},"39":{"line":217,"type":"binary-expr","locations":[{"start":{"line":217,"column":36},"end":{"line":217,"column":40}},{"start":{"line":217,"column":44},"end":{"line":217,"column":69}}]},"40":{"line":242,"type":"if","locations":[{"start":{"line":242,"column":4},"end":{"line":242,"column":4}},{"start":{"line":242,"column":4},"end":{"line":242,"column":4}}]},"41":{"line":243,"type":"if","locations":[{"start":{"line":243,"column":8},"end":{"line":243,"column":8}},{"start":{"line":243,"column":8},"end":{"line":243,"column":8}}]},"42":{"line":243,"type":"binary-expr","locations":[{"start":{"line":243,"column":12},"end":{"line":243,"column":44}},{"start":{"line":243,"column":48},"end":{"line":243,"column":78}}]},"43":{"line":250,"type":"if","locations":[{"start":{"line":250,"column":12},"end":{"line":250,"column":12}},{"start":{"line":250,"column":12},"end":{"line":250,"column":12}}]},"44":{"line":250,"type":"binary-expr","locations":[{"start":{"line":250,"column":16},"end":{"line":250,"column":37}},{"start":{"line":250,"column":41},"end":{"line":250,"column":61}}]},"45":{"line":252,"type":"cond-expr","locations":[{"start":{"line":252,"column":43},"end":{"line":252,"column":56}},{"start":{"line":252,"column":59},"end":{"line":252,"column":60}}]},"46":{"line":253,"type":"if","locations":[{"start":{"line":253,"column":19},"end":{"line":253,"column":19}},{"start":{"line":253,"column":19},"end":{"line":253,"column":19}}]},"47":{"line":253,"type":"binary-expr","locations":[{"start":{"line":253,"column":23},"end":{"line":253,"column":45}},{"start":{"line":253,"column":49},"end":{"line":253,"column":68}}]},"48":{"line":254,"type":"cond-expr","locations":[{"start":{"line":254,"column":43},"end":{"line":254,"column":56}},{"start":{"line":254,"column":59},"end":{"line":254,"column":60}}]},"49":{"line":258,"type":"if","locations":[{"start":{"line":258,"column":12},"end":{"line":258,"column":12}},{"start":{"line":258,"column":12},"end":{"line":258,"column":12}}]},"50":{"line":258,"type":"binary-expr","locations":[{"start":{"line":258,"column":16},"end":{"line":258,"column":38}},{"start":{"line":258,"column":42},"end":{"line":258,"column":56}},{"start":{"line":258,"column":60},"end":{"line":258,"column":79}},{"start":{"line":258,"column":83},"end":{"line":258,"column":112}}]},"51":{"line":272,"type":"binary-expr","locations":[{"start":{"line":272,"column":26},"end":{"line":272,"column":34}},{"start":{"line":272,"column":38},"end":{"line":272,"column":46}}]},"52":{"line":281,"type":"if","locations":[{"start":{"line":281,"column":4},"end":{"line":281,"column":4}},{"start":{"line":281,"column":4},"end":{"line":281,"column":4}}]},"53":{"line":281,"type":"binary-expr","locations":[{"start":{"line":281,"column":8},"end":{"line":281,"column":25}},{"start":{"line":281,"column":29},"end":{"line":281,"column":44}}]},"54":{"line":282,"type":"if","locations":[{"start":{"line":282,"column":8},"end":{"line":282,"column":8}},{"start":{"line":282,"column":8},"end":{"line":282,"column":8}}]},"55":{"line":299,"type":"if","locations":[{"start":{"line":299,"column":4},"end":{"line":299,"column":4}},{"start":{"line":299,"column":4},"end":{"line":299,"column":4}}]},"56":{"line":299,"type":"binary-expr","locations":[{"start":{"line":299,"column":8},"end":{"line":299,"column":24}},{"start":{"line":299,"column":28},"end":{"line":299,"column":48}}]},"57":{"line":319,"type":"if","locations":[{"start":{"line":319,"column":4},"end":{"line":319,"column":4}},{"start":{"line":319,"column":4},"end":{"line":319,"column":4}}]},"58":{"line":319,"type":"binary-expr","locations":[{"start":{"line":319,"column":9},"end":{"line":319,"column":20}},{"start":{"line":319,"column":25},"end":{"line":319,"column":35}},{"start":{"line":320,"column":9},"end":{"line":320,"column":20}},{"start":{"line":320,"column":25},"end":{"line":320,"column":55}},{"start":{"line":321,"column":9},"end":{"line":321,"column":21}},{"start":{"line":321,"column":25},"end":{"line":321,"column":45}}]},"59":{"line":340,"type":"if","locations":[{"start":{"line":340,"column":12},"end":{"line":340,"column":12}},{"start":{"line":340,"column":12},"end":{"line":340,"column":12}}]},"60":{"line":347,"type":"binary-expr","locations":[{"start":{"line":347,"column":22},"end":{"line":347,"column":46}},{"start":{"line":348,"
[...]
y-expr","locations":[{"start":{"line":375,"column":20},"end":{"line":375,"column":32}},{"start":{"line":375,"column":36},"end":{"line":375,"column":51}},{"start":{"line":375,"column":55},"end":{"line":375,"column":66}}]}},"code":["var fs     = require('fs')","  , events = require('events')","  , buffer = require('buffer')","  , http   = require('http')","  , url    = require('url')","  , path   = require('path')","  , mime   = require('mime')","  , util   = require('./node-static/util');","","// Current version","var version = [0, 7, 9];","","var Server = function (root, options) {","    if (root && (typeof(root) === 'object')) { options = root; root = null }","","    // resolve() doesn't normalize (to lowercase) drive letters on Windows","    this.root    = path.normalize(path.resolve(root || '.'));","    this.options = options || {};","    this.cache   = 3600;","","    this.defaultHeaders  = {};","    this.options.headers = this.options.headers || {};","","    this.options.indexFile = this.options.indexFile || \"index.html\";","","    if ('cache' in this.options) {","        if (typeof(this.options.cache) === 'number') {","            this.cache = this.options.cache;","        } else if (! this.options.cache) {","            this.cache = false;","        }","    }","","    if ('serverInfo' in this.options) {","        this.serverInfo = this.options.serverInfo.toString();","    } else {","        this.serverInfo = 'node-static/' + version.join('.');","    }","","    this.defaultHeaders['server'] = this.serverInfo;","","    if (this.cache !== false) {","        this.defaultHeaders['cache-control'] = 'max-age=' + this.cache;","    }","","    for (var k in this.defaultHeaders) {","        this.options.headers[k] = this.options.headers[k] ||","                                  this.defaultHeaders[k];","    }","};","","Server.prototype.serveDir = function (pathname, req, res, finish) {","    var htmlIndex = path.join(pathname, this.options.indexFile),","        that = this;","","    fs.stat(htmlIndex, function (e, stat) {","        if (!e) {","            var status = 200;","            var headers = {};","            var originalPathname = decodeURI(url.parse(req.url).pathname);","            if (originalPathname.length && originalPathname.charAt(originalPathname.length - 1) !== '/') {","                return finish(301, { 'Location': originalPathname + '/' });","            } else {","                that.respond(null, status, headers, [htmlIndex], stat, req, res, finish);","            }","        } else {","            // Stream a directory of files as a single file.","            fs.readFile(path.join(pathname, 'index.json'), function (e, contents) {","                if (e) { return finish(404, {}) }","                var index = JSON.parse(contents);","                streamFiles(index.files);","            });","        }","    });","    function streamFiles(files) {","        util.mstat(pathname, files, function (e, stat) {","            if (e) { return finish(404, {}) }","            that.respond(pathname, 200, {}, files, stat, req, res, finish);","        });","    }","};","","Server.prototype.serveFile = function (pathname, status, headers, req, res) {","    var that = this;","    var promise = new(events.EventEmitter);","","    pathname = this.resolve(pathname);","","    fs.stat(pathname, function (e, stat) {","        if (e) {","            return promise.emit('error', e);","        }","        that.respond(null, status, headers, [pathname], stat, req, res, function (status, headers) {","            that.finish(status, headers, req, res, promise);","        });","    });","    return promise;","};","","Server.prototype.finish = function (status, headers, req, res, promise, callback) {","    var result = {","        status:  status,","        headers: headers,","        message: http.STATUS_CODES[status]","    };","","    headers['server'] = this.serverInfo;","","    if (!status || status >= 400) {","        if (callback) {","            callback(result);","        } else {","            if (promise.listeners('error').length > 0) {","                promise.emit('error', result);","            }","            else {","              res.writeHead(status, headers);","              res.end();","            }","        }","    } else {","        // Don't end the request here, if we're streaming;","        // it's taken care of in `prototype.stream`.","        if (status !== 200 || req.method !== 'GET') {","            res.writeHead(status, headers);","            res.end();","        }","        callback && callback(null, result);","        promise.emit('success', result);","    }","};","","Server.prototype.servePath = function (pathname, status, headers, req, res, finish) {","    var that = this,","        promise = new(events.EventEmitter);","","    pathname = this.resolve(pathname);","","    // Make sure we're not trying to access a","    // file outside of the root.","    if (pathname.indexOf(that.root) === 0) {","        fs.stat(pathname, function (e, stat) {","            if (e) {","                finish(404, {});","            } else if (stat.isFile()) {      // Stream a single file.","                that.respond(null, status, headers, [pathname], stat, req, res, finish);","            } else if (stat.isDirectory()) { // Stream a directory of files.","                that.serveDir(pathname, req, res, finish);","            } else {","                finish(400, {});","            }","        });","    } else {","        // Forbidden","        finish(403, {});","    }","    return promise;","};","","Server.prototype.resolve = function (pathname) {","    return path.resolve(path.join(this.root, pathname));","};","","Server.prototype.serve = function (req, res, callback) {","    var that    = this,","        promise = new(events.EventEmitter),","        pathname;","","    var finish = function (status, headers) {","        that.finish(status, headers, req, res, promise, callback);","    };","","    try {","        pathname = decodeURI(url.parse(req.url).pathname);","    }","    catch(e) {","        return process.nextTick(function() {","            return finish(400, {});","        });","    }","","    process.nextTick(function () {","        that.servePath(pathname, 200, {}, req, res, finish).on('success', function (result) {","            promise.emit('success', result);","        }).on('error', function (err) {","            promise.emit('error');","        });","    });","    if (! callback) { return promise }","};","","/* Check if we should consider sending a gzip version of the file based on the"," * file content type and client's Accept-Encoding header value."," */","Server.prototype.gzipOk = function(req, contentType) {","    var enable = this.options.gzip;","    if(enable &&","        (typeof enable === 'boolean' ||","            (contentType && (enable instanceof RegExp) && enable.test(contentType)))) {","        var acceptEncoding = req.headers['accept-encoding'];","        return acceptEncoding && acceptEncoding.indexOf(\"gzip\") >= 0;","    }","    return false;","}","","/* Send a gzipped version of the file if the options and the client indicate gzip is enabled and"," * we find a .gz file mathing the static resource requested."," */","Server.prototype.respondGzip = function(pathname, status, contentType, _headers, files, stat, req, res, finish) {","    var that = this;","    if(files.length == 1 && this.gzipOk(req, contentType)) {","        var gzFile = files[0] + \".gz\";","        fs.stat(gzFile, function(e, gzStat) {","            if(!e && gzStat.isFile()) {","                //console.log('Serving', gzFile, 'to gzip-capable client instead of', files[0], 'new size is', gzStat.size, 'uncompressed size', stat.size);","                var vary = _headers['Vary'];","                _headers['Vary'] = (vary && vary != 'Accept-Encoding'?vary+', ':'')+'Accept-Encoding';","                _headers['Content-Encoding'] = 'gzip';","                stat.size = gzStat.size;","                files = [gzFile];","            } else {","                //console.log('gzip file not found or error finding it', gzFile, String(e), stat.isFile());","            }","            that.respondNoGzip(pathname, status, contentType, _headers, files, stat, req, res, finish);","        });","    } else {","        // Client doesn't want gzip or we're sending multiple files","        that.respondNoGzip(pathname, status, contentType, _headers, files, stat, req, res, finish);","    }","}","","Server.prototype.parseByteRange = function(req, stat) {","    var byteRange = {","      from: 0,","      to: 0,","      valid: false","    }","","    var rangeHeader = req.headers['range'];","    var flavor = 'bytes=';","","    if (rangeHeader) {","        if (rangeHeader.indexOf(flavor) == 0 && rangeHeader.indexOf(',') == -1) {","            /* Parse */","            rangeHeader = rangeHeader.substr(flavor.length).split('-');","            byteRange.from = parseInt(rangeHeader[0]);","            byteRange.to = parseInt(rangeHeader[1]);","","            /* Replace empty fields of differential requests by absolute values */","            if (isNaN(byteRange.from) && !isNaN(byteRange.to)) {","                byteRange.from = stat.size - byteRange.to;","                byteRange.to = stat.size ? stat.size - 1 : 0;","            } else if (!isNaN(byteRange.from) && isNaN(byteRange.to)) {","                byteRange.to = stat.size ? stat.size - 1 : 0;","            }","","            /* General byte range validation */","            if (!isNaN(byteRange.from) && !!byteRange.to && 0 <= byteRange.from && byteRange.from < byteRange.to) {","                byteRange.valid = true;","            } else {","                console.warn(\"Request contains invalid range header: \", rangeHeader);","            }","        } else {","            console.warn(\"Request contains unsupported range header: \", rangeHeader);","        }","    }","    return byteRange;","}","","Server.prototype.respondNoGzip = function (pathname, status, contentType, _headers, files, stat, req, res, finish) {","    var mtime           = Date.parse(stat.mtime),","        key             = pathname || files[0],","        headers         = {},","        clientETag      = req.headers['if-none-match'],","        clientMTime     = Date.parse(req.headers['if-modified-since']),","        startByte       = 0,","        length          = stat.size,","        byteRange       = this.parseByteRange(req, stat);","","    /* Handle byte ranges */","    if (files.length == 1 && byteRange.valid) {","        if (byteRange.to < length) {","","            // Note: HTTP Range param is inclusive","            startByte = byteRange.from;","            length = byteRange.to - byteRange.from + 1;","            status = 206;","","            // Set Content-Range response header (we advertise initial resource size on server here (stat.size))","            headers['Content-Range'] = 'bytes ' + byteRange.from + '-' + byteRange.to + '/' + stat.size;","","        } else {","            byteRange.valid = false;","            console.warn(\"Range request exceeds file boundaries, goes until byte no\", byteRange.to, \"against file size of\", length, \"bytes\");","        }","    }","","    /* In any case, check for unhandled byte range headers */","    if (!byteRange.valid && req.headers['range']) {","        console.error(new Error(\"Range request present but invalid, might serve whole file instead\"));","    }","","    // Copy default headers","    for (var k in this.options.headers) {  headers[k] = this.options.headers[k] }","    // Copy custom headers","    for (var k in _headers) { headers[k] = _headers[k] }","","    headers['Etag']          = JSON.stringify([stat.ino, stat.size, mtime].join('-'));","    headers['Date']          = new(Date)().toUTCString();","    headers['Last-Modified'] = new(Date)(stat.mtime).toUTCString();","    headers['Content-Type']   = contentType;","    headers['Content-Length'] = length;","","    for (var k in _headers) { headers[k] = _headers[k] }","","    // Conditional GET","    // If the \"If-Modified-Since\" or \"If-None-Match\" headers","    // match the conditions, send a 304 Not Modified.","    if ((clientMTime  || clientETag) &&","        (!clientETag  || clientETag === headers['Etag']) &&","        (!clientMTime || clientMTime >= mtime)) {","        // 304 response should not contain entity headers","        ['Content-Encoding',","         'Content-Language',","         'Content-Length',","         'Content-Location',","         'Content-MD5',","         'Content-Range',","         'Content-Type',","         'Expires',","         'Last-Modified'].forEach(function(entityHeader) {","            delete headers[entityHeader];","        });","        finish(304, headers);","    } else {","","        res.writeHead(status, headers);","","        this.stream(key, files, length, startByte, res, function (e) {","            if (e) { return finish(500, {}) }","            finish(status, headers);","        });","    }","};","","Server.prototype.respond = function (pathname, status, _headers, files, stat, req, res, finish) {","    var contentType = _headers['Content-Type'] ||","                      mime.lookup(files[0]) ||","                      'application/octet-stream';","","    if(this.options.gzip) {","        this.respondGzip(pathname, status, contentType, _headers, files, stat, req, res, finish);","    } else {","        this.respondNoGzip(pathname, status, contentType, _headers, files, stat, req, res, finish);","    }","}","","Server.prototype.stream = function (pathname, files, length, startByte, res, callback) {","","    (function streamFile(files, offset) {","        var file = files.shift();","","        if (file) {","            file = path.resolve(file) === path.normalize(file)  ? file : path.join(pathname || '.', file);","","            // Stream the file to the client","            fs.createReadStream(file, {","                flags: 'r',","                mode: 0666,","                start: startByte,","                end: startByte + (length ? length - 1 : 0)","            }).on('data', function (chunk) {","                // Bounds check the incoming chunk and offset, as copying","                // a buffer from an invalid offset will throw an error and crash","                if (chunk.length && offset < length && offset >= 0) {","                    offset += chunk.length;","                }","            }).on('close', function () {","                streamFile(files, offset);","            }).on('error', function (err) {","                callback(err);","                console.error(err);","            }).pipe(res, { end: false });","        } else {","            res.end();","            callback(null, offset);","        }","    })(files.slice(0), 0);","};","","// Exports","exports.Server       = Server;","exports.version      = version;","exports.mime         = mime;","","","",""],"l":{"1":1,"11":1,"13":1,"14":0,"17":0,"18":0,"19":0,"21":0,"22":0,"24":0,"26":0,"27":0,"28":0,"29":0,"30":0,"34":0,"35":0,"37":0,"40":0,"42":0,"43":0,"46":0,"47":0,"52":1,"53":0,"56":0,"57":0,"58":0,"59":0,"60":0,"61":0,"62":0,"64":0,"68":0,"69":0,"70":0,"71":0,"75":1,"76":0,"77":0,"78":0,"83":1,"84":0,"85":0,"87":0,"89":0,"90":0,"91":0,"93":0,"94":0,"97":0,"100":1,"101":0,"107":0,"109":0,"110":0,"111":0,"113":0,"114":0,"117":0,"118":0,"124":0,"125":0,"126":0,"128":0,"129":0,"133":1,"134":0,"137":0,"141":0,"142":0,"143":0,"144":0,"145":0,"146":0,"147":0,"148":0,"150":0,"155":0,"157":0,"160":1,"161":0,"164":1,"165":0,"169":0,"170":0,"173":0,"174":0,"177":0,"178":0,"182":0,"183":0,"184":0,"186":0,"189":0,"195":1,"196":0,"197":0,"200":0,"201":0,"203":0,"209":1,"210":0,"211":0,"212":0,"213":0,"214":0,"216":0,"217":0,"218":0,"219":0,"220":0,"224":0,"228":0,"232":1,"233":0,"239":0,"240":0,"242":0,"243":0,"245":0,"246":0,"247":0,"250":0,"251":0,"252":0,"253":0,"254":0,"258":0,"259":0,"261":0,"264":0,"267":0,"270":1,"271":0,"281":0,"282":0,"285":0,"286":0,"287":0,"290":0,"293":0,"294":0,"299":0,"300":0,"304":0,"306":0,"308":0,"309":0,"310":0,"311":0,"312":0,"314":0,"319":0,"323":0,"332":0,"334":0,"337":0,"339":0,"340":0,"341":0,"346":1,"347":0,"351":0,"352":0,"354":0,"358":1,"360":0,"361":0,"363":0,"364":0,"367":0,"375":0,"376":0,"379":0,"381":0,"382":0,"385":0,"386":0,"392":1,"393":1,"394":1}},"/home/travis/build/npmtest/node-npmtest-node-static/node_modules/node-static/lib/node-static/util.js":{"path":"/home/travis/build/npmtest/node-npmtest-node-static/node_modules/node-static/lib/node-static/util.js","s":{"1":1,"2":1,"3":0,"4":0,"5":0,"6":0,"7":0,"8":0,"9":0,"10":0,"11":0,"12":0,"13":0},"b":{"1":[0,0],"2":[0,0],"3":[0,0]},"f":{"1":0,"2":0,"3":0,"4":0,"5":0,"6":0},"fnMap":{"1":{"name":"(anonymous_1)","line":4,"loc":{"start":{"line":4,"column":16},"end":{"line":4,"column":48}}},"2":{"name":"mstat","line":5,"loc":{"start":{"line":5,"column":5},"end":{"line":5,"column":34}}},"3":{"name":"(anonymous_3)","line":9,"loc":{"start":{"line":9,"column":42},"end":{"line":9,"column":61}}},"4":{"name":"(anonymous_4)","line":18,"loc":{"start":{"line":18,"column":35},"end":{"line":18,"column":58}}},"5":{"name":"(anonymous_5)","line":21,"loc":{"start":{"line":21,"column":36},"end":{"line":21,"column":60}}},"6":{"name":"(anonymous_6)","line":24,"loc":{"start":{"line":24,"column":34},"end":{"line":24,"column":57}}}},"statementMap":{"1":{"start":{"line":1,"column":0},"end":{"line":2,"column":27}},"2":{"start":{"line":4,"column":0},"end":{"line":30,"column":2}},"3":{"start":{"line":5,"column":4},"end":{"line":29,"column":27}},"4":{"start":{"line":6,"column":8},"end":{"line":6,"column":33}},"5":{"start":{"line":8,"column":8},"end":{"line":28,"column":9}},"6":{"start":{"line":9,"column":12},"end":{"line":15,"column":15}},"7":{"start":{"line":10,"column":16},"end":{"line":14,"column":17}},"8":{"start":{"line":11,"column":20},"end":{"line":11,"column":32}},"9":{"start":{"line":13,"column":20},"end":{"line":13,"column":55}},"10":{"start":{"line":17,"column":12},"end":{"line":27,"column":15}},"11":{"start":{"line":19,"column":20},"end":{"line":19,"column":45}},"12":{"start":{"line":22,"column":20},"end":{"line":22,"column":69}},"13":{"start":{"line":25,"column":20},"end":{"line":25,"column":44}}},"branchMap":{"1":{"line":8,"type":"if","locations":[{"start":{"line":8,"column":8},"end":{"line":8,"column":8}},{"start":{"line":8,"column":8},"end":{"line":8,"column":8}}]},"2":{"line":10,"type":"if","locations":[{"start":{"line":10,"column":16},"end":{"line":10,"column":16}},{"start":{"line":10,"column":16},"end":{"line":10,"column":16}}]},"3":{"line":22,"type":"cond-expr","locations":[{"start":{"line":22,"column":49},"end":{"line":22,"column":55}},{"start":{"line":22,"column":58},"end":{"line":22,"column":68}}]}},"code":["var fs   = require('fs')","  , path = require('path');","","exports.mstat = function (dir, files, callback) {","    (function mstat(files, stats) {","        var file = files.shift();","","        if (file) {","            fs.stat(path.join(dir, file), function (e, stat) {","                if (e) {","                    callback(e);","                } else {","                    mstat(files, stats.concat([stat]));","                }","            });","        } else {","            callback(null, {","                size: stats.reduce(function (total, stat) {","                    return total + stat.size;","                }, 0),","                mtime: stats.reduce(function (latest, stat) {","                    return latest > stat.mtime ? latest : stat.mtime;","                }, 0),","                ino: stats.reduce(function (total, stat) {","                    return total + stat.ino;","                }, 0)","            });","        }","    })(files.slice(0), []);","};",""],"l":{"1":1,"4":1,"5":0,"6":0,"8":0,"9":0,"10":0,"11":0,"13":0,"17":0,"19":0,"22":0,"25":0}}}